Defaulted container "alfresco-repository" out of: alfresco-repository, wait-db-ready (init)
bash: warning: setlocale: LC_ALL: cannot change locale (en_US.UTF-8)
NOTE: Picked up JDK_JAVA_OPTIONS:  --add-opens=java.base/java.lang=ALL-UNNAMED --add-opens=java.base/java.io=ALL-UNNAMED --add-opens=java.base/java.util=ALL-UNNAMED --add-opens=java.base/java.util.concurrent=ALL-UNNAMED --add-opens=java.rmi/sun.rmi.transport=ALL-UNNAMED
WARNING: A command line option has enabled the Security Manager
WARNING: The Security Manager is deprecated and will be removed in a future release
28-Jul-2025 16:19:22.846 INFO [main] org.apache.catalina.startup.VersionLoggerListener.log Server version name:   Apache Tomcat/9.0.62
28-Jul-2025 16:19:22.847 INFO [main] org.apache.catalina.startup.VersionLoggerListener.log Server built:          Mar 31 2022 14:34:15 UTC
28-Jul-2025 16:19:22.848 INFO [main] org.apache.catalina.startup.VersionLoggerListener.log Server version number: 9.0.62.0
28-Jul-2025 16:19:22.848 INFO [main] org.apache.catalina.startup.VersionLoggerListener.log OS Name:               Linux
28-Jul-2025 16:19:22.848 INFO [main] org.apache.catalina.startup.VersionLoggerListener.log OS Version:            5.10.238-231.953.amzn2.x86_64
28-Jul-2025 16:19:22.848 INFO [main] org.apache.catalina.startup.VersionLoggerListener.log Architecture:          amd64
28-Jul-2025 16:19:22.848 INFO [main] org.apache.catalina.startup.VersionLoggerListener.log Java Home:             /usr/lib/jvm/java-17-openjdk-17.0.4.1.1-2.el8_6.x86_64
28-Jul-2025 16:19:22.849 INFO [main] org.apache.catalina.startup.VersionLoggerListener.log JVM Version:           17.0.4.1+1-LTS
28-Jul-2025 16:19:22.849 INFO [main] org.apache.catalina.startup.VersionLoggerListener.log JVM Vendor:            Red Hat, Inc.
28-Jul-2025 16:19:22.849 INFO [main] org.apache.catalina.startup.VersionLoggerListener.log CATALINA_BASE:         /usr/local/tomcat
28-Jul-2025 16:19:22.849 INFO [main] org.apache.catalina.startup.VersionLoggerListener.log CATALINA_HOME:         /usr/local/tomcat
28-Jul-2025 16:19:22.885 INFO [main] org.apache.catalina.core.AprLifecycleListener.lifecycleEvent Loaded Apache Tomcat Native library [1.2.32] using APR version [1.6.3].
28-Jul-2025 16:19:22.886 INFO [main] org.apache.catalina.core.AprLifecycleListener.lifecycleEvent APR capabilities: IPv6 [true], sendfile [true], accept filters [false], random [true], UDS [true].
28-Jul-2025 16:19:22.886 INFO [main] org.apache.catalina.core.AprLifecycleListener.lifecycleEvent APR/OpenSSL configuration: useAprConnector [false], useOpenSSL [true]
28-Jul-2025 16:19:22.906 INFO [main] org.apache.catalina.core.AprLifecycleListener.initializeSSL OpenSSL successfully initialized [OpenSSL 1.1.1k  FIPS 25 Mar 2021]
28-Jul-2025 16:19:23.155 INFO [main] org.apache.coyote.AbstractProtocol.init Initializing ProtocolHandler ["http-nio-8080"]
28-Jul-2025 16:19:23.191 INFO [main] org.apache.catalina.startup.Catalina.load Server initialization in [676] milliseconds
28-Jul-2025 16:19:23.247 INFO [main] org.apache.catalina.core.StandardService.startInternal Starting service [Catalina]
28-Jul-2025 16:19:23.248 INFO [main] org.apache.catalina.core.StandardEngine.startInternal Starting Servlet engine: [Apache Tomcat/9.0.62]
28-Jul-2025 16:19:23.260 INFO [main] org.apache.catalina.startup.HostConfig.deployDirectory Deploying web application directory [/usr/local/tomcat/webapps/alfresco]
28-Jul-2025 16:19:24.689 WARNING [main] org.apache.juli.ClassLoaderLogManager.readConfiguration Reading /usr/local/tomcat/webapps/alfresco/WEB-INF/classes/logging.properties is not permitted. See "per context logging" in the default catalina.policy file.
28-Jul-2025 16:19:24.694 WARNING [main] org.apache.juli.ClassLoaderLogManager.readConfiguration Reading /usr/local/tomcat/webapps/alfresco/WEB-INF/classes/logging.properties is not permitted. See "per context logging" in the default catalina.policy file.
28-Jul-2025 16:19:36.579 INFO [main] org.apache.jasper.servlet.TldScanner.scanJars At least one JAR was scanned for TLDs yet contained no TLDs. Enable debug logging for this logger for a complete list of JARs that were scanned but no TLDs were found in them. Skipping unneeded JARs during scanning can improve startup time and JSP compilation time.
2025-07-28 16:19:43,397  INFO  [management.subsystems.ChildApplicationContextFactory] [main] Starting 'ContentStore' subsystem, ID: [ContentStore, managed, S3]
2025-07-28 16:19:44,935  INFO  [management.subsystems.ChildApplicationContextFactory] [main] Startup of 'ContentStore' subsystem, ID: [ContentStore, managed, S3] complete
ERROR StatusLogger Log4j2 could not find a logging implementation. Please add log4j-core to the classpath. Using SimpleLogger to log to the console...
2025-07-28 16:19:48,556  WARN  [heartbeat.datasender.HBDataSenderServiceBuilder] [main] Setting the Heartbeat sender cron with property 'heartbeat.sender.cronExpression' is no longer supported.
2025-07-28 16:19:48,759  INFO  [domain.schema.SchemaBootstrap] [main] Ignoring script patch (post-Hibernate): patch.db-V4.2-metadata-query-indexes
2025-07-28 16:19:48,760  INFO  [domain.schema.SchemaBootstrap] [main] Ignoring script patch (post-Hibernate): patch.db-V5.1-metadata-query-indexes
2025-07-28 16:19:48,760  INFO  [domain.schema.SchemaBootstrap] [main] Ignoring script patch (post-Hibernate): patch.db-V5.2-remove-jbpm-tables-from-db
2025-07-28 16:19:48,760  INFO  [domain.schema.SchemaBootstrap] [main] Ignoring script patch (post-Hibernate): patch.db-V7.1.0-remove-alf_server-table
2025-07-28 16:19:49,101  INFO  [alfresco.repo.admin] [main] Using database URL 'jdbc:postgresql://cloud-platform-a066adb9989d7f7c.cdwm328dlye6.eu-west-2.rds.amazonaws.com:5432/alfresco' with user 'cpkZEn5DhQ'.
 2025-07-28 16:19:49,103  INFO  [alfresco.repo.admin] [main] Connected to database PostgreSQL version 14.17
 2025-07-28 16:19:54,823  INFO  [management.subsystems.ChildApplicationContextFactory] [main] Starting 'Authentication' subsystem, ID: [Authentication, managed, alfrescoNtlm1]
 2025-07-28 16:19:54,894  INFO  [management.subsystems.ChildApplicationContextFactory] [main] Startup of 'Authentication' subsystem, ID: [Authentication, managed, alfrescoNtlm1] complete
 2025-07-28 16:19:54,895  INFO  [management.subsystems.ChildApplicationContextFactory] [main] Starting 'Authentication' subsystem, ID: [Authentication, managed, external1]
 2025-07-28 16:19:54,961  INFO  [management.subsystems.ChildApplicationContextFactory] [main] Startup of 'Authentication' subsystem, ID: [Authentication, managed, external1] complete
 2025-07-28 16:20:00,224  INFO  [population.config.RqaWorkerConfig] [main] QuerySet batch size property is set to [5000].
 2025-07-28 16:20:00,872  INFO  [management.subsystems.ChildApplicationContextFactory] [main] Starting 'sysAdmin' subsystem, ID: [sysAdmin, default]
 2025-07-28 16:20:00,889  INFO  [management.subsystems.ChildApplicationContextFactory] [main] Startup of 'sysAdmin' subsystem, ID: [sysAdmin, default] complete
 2025-07-28 16:20:03,090  INFO  [extensions.webscripts.TemplateProcessorRegistry] [main] Registered template processor Repository Template Processor for extension ftl
 2025-07-28 16:20:03,097  INFO  [extensions.webscripts.ScriptProcessorRegistry] [main] Registered script processor Repository Script Processor for extension js
 2025-07-28 16:20:06,949  INFO  [management.subsystems.ChildApplicationContextFactory] [main] Starting 'ContentStore' subsystem, ID: [ContentStore, managed, unencrypted]
 2025-07-28 16:20:06,985  INFO  [management.subsystems.ChildApplicationContextFactory] [main] Startup of 'ContentStore' subsystem, ID: [ContentStore, managed, unencrypted] complete
 2025-07-28 16:20:07,077  INFO  [domain.schema.SchemaBootstrap] [main] Connecting to database: 855731527, URL=jdbc:postgresql://cloud-platform-a066adb9989d7f7c.cdwm328dlye6.eu-west-2.rds.amazonaws.com:5432/alfresco, PostgreSQL JDBC Driver
 2025-07-28 16:20:07,077  INFO  [domain.schema.SchemaBootstrap] [main] Schema managed by database dialect org.alfresco.repo.domain.dialect.PostgreSQLDialect.
 2025-07-28 16:20:07,101  INFO  [domain.schema.SchemaBootstrap] [main] Applied patches detected: 233
 2025-07-28 16:20:07,245  INFO  [domain.schema.SchemaBootstrap] [main] Checking and patching Alfresco tables took 144 ms
 2025-07-28 16:20:07,250  INFO  [domain.schema.SchemaBootstrap] [main] Activiti tables need to be checked for patches
 2025-07-28 16:20:07,331  INFO  [domain.schema.SchemaBootstrap] [main] Checking and patching Activiti tables took 80 ms
 2025-07-28 16:20:07,422  INFO  [domain.schema.SchemaBootstrap] [main] Checking that all patches have been applied took 91 ms
 2025-07-28 16:20:07,422  INFO  [domain.schema.SchemaBootstrap] [main] Updating the DB schema took 344 ms
 2025-07-28 16:20:07,423  INFO  [domain.schema.SchemaBootstrap] [main] No changes were made to the schema.
 2025-07-28 16:20:08,266  INFO  [enterprise.license.AlfrescoLicenseManager] [main] Successfully installed license from file [/usr/local/tomcat/shared/classes/alfresco/extension/license/license.lic]
 2025-07-28 16:20:08,289  WARN  [enterprise.license.AlfrescoLicenseManager] [main] Failed to rename installed license file license.lic to license.lic.installed
28-Jul-2025 16:20:09.299 INFO [main] com.hazelcast.config.InMemoryXmlConfig.null Configuring Hazelcast from 'in-memory xml'.
28-Jul-2025 16:20:09.320 WARNING [main] com.hazelcast.config.AbstractXmlConfigHelper.null Name of the hazelcast schema location is incorrect, using default
28-Jul-2025 16:20:09.655 WARNING [main] com.hazelcast.instance.HazelcastInstanceFactory.null Hazelcast is starting in a Java modular environment (Java 9 and newer) but without proper access to required Java packages. Use additional Java arguments to provide Hazelcast access to Java internal API. The internal API access is used to get the best performance results. Arguments to be used:
 --add-modules java.se --add-exports java.base/jdk.internal.ref=ALL-UNNAMED --add-opens java.base/java.lang=ALL-UNNAMED --add-opens java.base/java.nio=ALL-UNNAMED --add-opens java.base/sun.nio.ch=ALL-UNNAMED --add-opens java.management/sun.management=ALL-UNNAMED --add-opens jdk.management/com.sun.management.internal=ALL-UNNAMED
 2025-07-28 16:20:10,838  WARN  [alfresco.cache.propertyValueTransactionalCache] [main] Transactional update cache 'org.alfresco.cache.propertyValueTransactionalCache' is full (1000).
 2025-07-28 16:20:49,963  INFO  [cluster.core.ClusteringBootstrap] [main] Cluster started, name: MainRepository-2bccc9c6-7d0f-4166-8e0d-eb55fdb76616
 2025-07-28 16:20:50,787  INFO  [cluster.core.ClusteringBootstrap] [main] Current cluster members:
  172.20.202.100:5701 (hostname: alfresco-content-services-alfresco-repository-6c4f79c4c4-hfc8r)
  172.20.181.193:5701 (hostname: alfresco-content-services-alfresco-repository-6c4f79c4c4-vk5dx)
  172.20.212.38:5701 (hostname: alfresco-content-services-alfresco-repository-f8fc68955-k85jj)

 2025-07-28 16:20:50,790  WARN  [repo.admin.ConfigurationChecker] [main] The 'dir.root' property is set to a relative path './alf_data'.  'dir.root' should be overridden to point to a specific folder.
 2025-07-28 16:20:50,790  INFO  [repo.admin.ConfigurationChecker] [main] The root data directory ('dir.root') is: ./alf_data
 2025-07-28 16:20:50,885  INFO  [admin.patch.PatchExecuter] [main] Checking for patches to apply ...
 2025-07-28 16:20:51,609  INFO  [admin.patch.PatchExecuter] [main] No patches were required.
 2025-07-28 16:20:51,621  INFO  [repo.module.ModuleServiceImpl] [main] Found 8 module package(s).
 2025-07-28 16:20:51,676  INFO  [repo.module.ModuleServiceImpl] [main] Starting module 'alfresco-aos-module' version 1.5.0.
 2025-07-28 16:20:51,690  INFO  [repo.module.ModuleServiceImpl] [main] Starting module 'noms-spg-platform' version 5.0.2.
 2025-07-28 16:20:51,703  INFO  [repo.module.ModuleServiceImpl] [main] Starting module 'org.alfresco.integrations.google.docs' version 3.4.2.
 2025-07-28 16:20:51,715  INFO  [repo.module.ModuleServiceImpl] [main] Starting module 'org_alfresco_integrations_S3Connector' version 5.1.0.
 2025-07-28 16:20:51,726  INFO  [repo.module.ModuleServiceImpl] [main] Starting module 'org_alfresco_device_sync_repo' version 3.11.3.
 2025-07-28 16:20:51,739  INFO  [repo.module.ModuleServiceImpl] [main] Starting module 'alfresco-share-services' version 19.18.
 2025-07-28 16:20:51,754  INFO  [repo.module.ModuleServiceImpl] [main] Starting module 'model-ns-prefix-mapping' version 1.1.0.
 2025-07-28 16:20:51,764  INFO  [repo.module.ModuleServiceImpl] [main] Starting module 'alfresco-trashcan-cleaner' version 2.4.1.
 2025-07-28 16:20:51,772  WARN  [repo.module.ModuleServiceImpl] [main] A previously-installed module 'noms-spg-alfresco-amp' (version 3.10.12) is not present in your distribution.
 2025-07-28 16:20:51,777  WARN  [repo.module.ModuleServiceImpl] [main] A previously-installed module 'elasticsearch-audit-alfresco-module' (version 3.5-NSPG.1706071551) is not present in your distribution.
 2025-07-28 16:20:51,781  WARN  [repo.module.ModuleServiceImpl] [main] A previously-installed module 'support-tools' (version 1.11) is not present in your distribution.
 2025-07-28 16:20:51,786  WARN  [repo.module.ModuleServiceImpl] [main] A previously-installed module 'alfresco-saml-repo' (version 1.0.3) is not present in your distribution.
 2025-07-28 16:20:51,789  WARN  [repo.module.ModuleServiceImpl] [main] A previously-installed module 'org.alfresco.module.vti' (version 1.3) is not present in your distribution.
 2025-07-28 16:20:51,791  INFO  [management.subsystems.ChildApplicationContextFactory] [main] Starting 'fileServers' subsystem, ID: [fileServers, default]
 2025-07-28 16:20:52,309  INFO  [management.subsystems.ChildApplicationContextFactory] [main] Startup of 'fileServers' subsystem, ID: [fileServers, default] complete
 2025-07-28 16:20:52,309  INFO  [management.subsystems.ChildApplicationContextFactory] [main] Starting 'imap' subsystem, ID: [imap, default]
 2025-07-28 16:20:52,481  INFO  [management.subsystems.ChildApplicationContextFactory] [main] Startup of 'imap' subsystem, ID: [imap, default] complete
 2025-07-28 16:20:52,481  INFO  [management.subsystems.ChildApplicationContextFactory] [main] Starting 'email' subsystem, ID: [email, outbound]
 2025-07-28 16:20:53,096  INFO  [management.subsystems.ChildApplicationContextFactory] [main] Startup of 'email' subsystem, ID: [email, outbound] complete
 2025-07-28 16:20:53,096  INFO  [management.subsystems.ChildApplicationContextFactory] [main] Starting 'email' subsystem, ID: [email, inbound]
 2025-07-28 16:20:53,160  INFO  [management.subsystems.ChildApplicationContextFactory] [main] Startup of 'email' subsystem, ID: [email, inbound] complete
 2025-07-28 16:20:53,161  INFO  [management.subsystems.ChildApplicationContextFactory] [main] Starting 'Subscriptions' subsystem, ID: [Subscriptions, default]
 2025-07-28 16:20:53,203  INFO  [management.subsystems.ChildApplicationContextFactory] [main] Startup of 'Subscriptions' subsystem, ID: [Subscriptions, default] complete
 2025-07-28 16:20:53,230  INFO  [management.subsystems.ChildApplicationContextFactory] [main] Starting 'Synchronization' subsystem, ID: [Synchronization, default]
 2025-07-28 16:20:53,479  INFO  [management.subsystems.ChildApplicationContextFactory] [main] Startup of 'Synchronization' subsystem, ID: [Synchronization, default] complete
 2025-07-28 16:20:53,549  INFO  [service.descriptor.DescriptorService] [main] Alfresco JVM - v17.0.4.1+1-LTS; maximum heap size 8192.000MB
 2025-07-28 16:20:53,550  INFO  [service.descriptor.DescriptorService] [main] Alfresco license: Mode ENTERPRISE, cluster:enabled, NO CUSTOM EMBEDDED WORKFLOW granted to NOMS - National Offender Management Service limited to 352 days expiring Sat Oct 04 04:00:00 UTC 2025 (68 days remaining).
 2025-07-28 16:20:53,550  INFO  [service.descriptor.DescriptorService] [main] Server Mode :UNKNOWN
 2025-07-28 16:20:53,553  INFO  [service.descriptor.DescriptorService] [main] Alfresco Content Services started (Enterprise). Current version: 7.3.2 (r25557ca0-blocal) schema 17,200. Originally installed version: 5.0.2 (.9 r120275-b105) schema 8,033.
 2025-07-28 16:20:53,560  INFO  [management.subsystems.ChildApplicationContextFactory] [main] Starting 'ActivitiesFeed' subsystem, ID: [ActivitiesFeed, default]
 2025-07-28 16:20:53,806  INFO  [management.subsystems.ChildApplicationContextFactory] [main] Startup of 'ActivitiesFeed' subsystem, ID: [ActivitiesFeed, default] complete
 2025-07-28 16:20:53,915  INFO  [repo.authorization.AuthorizationService] [main] Preauthorized user: admin
 2025-07-28 16:20:53,928  INFO  [management.subsystems.ChildApplicationContextFactory] [main] Starting 'Replication' subsystem, ID: [Replication, default]
 2025-07-28 16:20:53,938  INFO  [management.subsystems.ChildApplicationContextFactory] [main] Startup of 'Replication' subsystem, ID: [Replication, default] complete
 2025-07-28 16:20:55,258  INFO  [management.subsystems.ChildApplicationContextFactory] [main] Starting 'Events' subsystem, ID: [Events, default]
 2025-07-28 16:20:55,480  INFO  [management.subsystems.ChildApplicationContextFactory] [main] Startup of 'Events' subsystem, ID: [Events, default] complete
 2025-07-28 16:20:55,480  INFO  [management.subsystems.ChildApplicationContextFactory] [main] Starting 'Messaging' subsystem, ID: [Messaging, default]
 2025-07-28 16:20:57,779  INFO  [management.subsystems.ChildApplicationContextFactory] [main] Startup of 'Messaging' subsystem, ID: [Messaging, default] complete
 2025-07-28 16:20:57,805  INFO  [management.subsystems.ChildApplicationContextFactory] [main] Starting 'googledocs' subsystem, ID: [googledocs, drive]
 2025-07-28 16:20:58,001  INFO  [management.subsystems.ChildApplicationContextFactory] [main] Startup of 'googledocs' subsystem, ID: [googledocs, drive] complete
 2025-07-28 16:21:03,535  INFO  [extensions.webscripts.DeclarativeRegistry] [asynchronouslyRefreshedCacheThreadPool1] Registered 519 Web Scripts (+0 failed), 674 URLs
 2025-07-28 16:21:03,537  INFO  [extensions.webscripts.DeclarativeRegistry] [asynchronouslyRefreshedCacheThreadPool1] Registered 1 Package Description Documents (+0 failed) 
 2025-07-28 16:21:03,537  INFO  [extensions.webscripts.DeclarativeRegistry] [asynchronouslyRefreshedCacheThreadPool1] Registered 0 Schema Description Documents (+0 failed) 
 2025-07-28 16:21:04,467  INFO  [extensions.webscripts.DeclarativeRegistry] [main] Registered 519 Web Scripts (+0 failed), 674 URLs
 2025-07-28 16:21:04,467  INFO  [extensions.webscripts.DeclarativeRegistry] [main] Registered 1 Package Description Documents (+0 failed) 
 2025-07-28 16:21:04,467  INFO  [extensions.webscripts.DeclarativeRegistry] [main] Registered 0 Schema Description Documents (+0 failed) 
 2025-07-28 16:21:04,471  INFO  [extensions.webscripts.AbstractRuntimeContainer] [main] Initialised Repository Web Script Container (in 6279.7085ms)
 2025-07-28 16:21:04,488  INFO  [extensions.webscripts.TemplateProcessorRegistry] [main] Registered template processor freemarker for extension ftl
 2025-07-28 16:21:04,490  INFO  [extensions.webscripts.ScriptProcessorRegistry] [main] Registered script processor javascript for extension js
 2025-07-28 16:21:05,224  INFO  [extensions.webscripts.DeclarativeRegistry] [asynchronouslyRefreshedCacheThreadPool1] Registered 519 Web Scripts (+0 failed), 674 URLs
 2025-07-28 16:21:05,224  INFO  [extensions.webscripts.DeclarativeRegistry] [asynchronouslyRefreshedCacheThreadPool1] Registered 1 Package Description Documents (+0 failed) 
 2025-07-28 16:21:05,224  INFO  [extensions.webscripts.DeclarativeRegistry] [asynchronouslyRefreshedCacheThreadPool1] Registered 0 Schema Description Documents (+0 failed) 
 2025-07-28 16:21:05,359  INFO  [extensions.webscripts.DeclarativeRegistry] [asynchronouslyRefreshedCacheThreadPool1] Registered 14 Web Scripts (+0 failed), 103 URLs
 2025-07-28 16:21:05,359  INFO  [extensions.webscripts.DeclarativeRegistry] [asynchronouslyRefreshedCacheThreadPool1] Registered 0 Package Description Documents (+0 failed) 
 2025-07-28 16:21:05,360  INFO  [extensions.webscripts.DeclarativeRegistry] [asynchronouslyRefreshedCacheThreadPool1] Registered 0 Schema Description Documents (+0 failed) 
 2025-07-28 16:21:05,421  INFO  [extensions.webscripts.DeclarativeRegistry] [main] Registered 14 Web Scripts (+0 failed), 103 URLs
 2025-07-28 16:21:05,421  INFO  [extensions.webscripts.DeclarativeRegistry] [main] Registered 0 Package Description Documents (+0 failed) 
 2025-07-28 16:21:05,421  INFO  [extensions.webscripts.DeclarativeRegistry] [main] Registered 0 Schema Description Documents (+0 failed) 
 2025-07-28 16:21:05,424  INFO  [extensions.webscripts.AbstractRuntimeContainer] [main] Initialised Public Api Web Script Container (in 923.5879ms)
 2025-07-28 16:21:05,445  INFO  [extensions.webscripts.DeclarativeRegistry] [asynchronouslyRefreshedCacheThreadPool1] Registered 14 Web Scripts (+0 failed), 103 URLs
 2025-07-28 16:21:05,445  INFO  [extensions.webscripts.DeclarativeRegistry] [asynchronouslyRefreshedCacheThreadPool1] Registered 0 Package Description Documents (+0 failed) 
 2025-07-28 16:21:05,445  INFO  [extensions.webscripts.DeclarativeRegistry] [asynchronouslyRefreshedCacheThreadPool1] Registered 0 Schema Description Documents (+0 failed) 
 2025-07-28 16:21:05,653  WARN  [scripts.servlet.X509ServletFilterBase] [main] clientAuth does not appear to be set for Tomcat. clientAuth must be set to 'want' for X509 Authentication
 2025-07-28 16:21:05,653  WARN  [scripts.servlet.X509ServletFilterBase] [main] Attempting to set clientAuth=want through JMX...
 2025-07-28 16:21:05,724  WARN  [scripts.servlet.X509ServletFilterBase] [main] Unable to set clientAuth=want through JMX.
28-Jul-2025 16:21:06.060 INFO [main] org.apache.cxf.wsdl.service.factory.ReflectionServiceFactoryBean.buildServiceFromClass Creating Service {http://webservices.impl.server.opencmis.chemistry.apache.org/}RepositoryServiceService from class org.apache.chemistry.opencmis.commons.impl.jaxb.RepositoryServicePort
28-Jul-2025 16:21:06.884 INFO [main] org.apache.cxf.endpoint.ServerImpl.initDestination Setting the server's publish address to be /RepositoryService
28-Jul-2025 16:21:06.901 INFO [main] org.apache.cxf.wsdl.service.factory.ReflectionServiceFactoryBean.buildServiceFromClass Creating Service {http://webservices.impl.server.opencmis.chemistry.apache.org/}NavigationServiceService from class org.apache.chemistry.opencmis.commons.impl.jaxb.NavigationServicePort
28-Jul-2025 16:21:07.018 INFO [main] org.apache.cxf.endpoint.ServerImpl.initDestination Setting the server's publish address to be /NavigationService
28-Jul-2025 16:21:07.022 INFO [main] org.apache.cxf.wsdl.service.factory.ReflectionServiceFactoryBean.buildServiceFromClass Creating Service {http://webservices.impl.server.opencmis.chemistry.apache.org/}ObjectServiceService from class org.apache.chemistry.opencmis.commons.impl.jaxb.ObjectServicePort
28-Jul-2025 16:21:07.134 INFO [main] org.apache.cxf.endpoint.ServerImpl.initDestination Setting the server's publish address to be /ObjectService
28-Jul-2025 16:21:07.137 INFO [main] org.apache.cxf.wsdl.service.factory.ReflectionServiceFactoryBean.buildServiceFromClass Creating Service {http://webservices.impl.server.opencmis.chemistry.apache.org/}VersioningServiceService from class org.apache.chemistry.opencmis.commons.impl.jaxb.VersioningServicePort
28-Jul-2025 16:21:07.229 INFO [main] org.apache.cxf.endpoint.ServerImpl.initDestination Setting the server's publish address to be /VersioningService
28-Jul-2025 16:21:07.232 INFO [main] org.apache.cxf.wsdl.service.factory.ReflectionServiceFactoryBean.buildServiceFromClass Creating Service {http://webservices.impl.server.opencmis.chemistry.apache.org/}RelationshipServiceService from class org.apache.chemistry.opencmis.commons.impl.jaxb.RelationshipServicePort
28-Jul-2025 16:21:07.308 INFO [main] org.apache.cxf.endpoint.ServerImpl.initDestination Setting the server's publish address to be /RelationshipService
28-Jul-2025 16:21:07.311 INFO [main] org.apache.cxf.wsdl.service.factory.ReflectionServiceFactoryBean.buildServiceFromClass Creating Service {http://webservices.impl.server.opencmis.chemistry.apache.org/}DiscoveryServiceService from class org.apache.chemistry.opencmis.commons.impl.jaxb.DiscoveryServicePort
28-Jul-2025 16:21:07.392 INFO [main] org.apache.cxf.endpoint.ServerImpl.initDestination Setting the server's publish address to be /DiscoveryService
28-Jul-2025 16:21:07.395 INFO [main] org.apache.cxf.wsdl.service.factory.ReflectionServiceFactoryBean.buildServiceFromClass Creating Service {http://webservices.impl.server.opencmis.chemistry.apache.org/}MultiFilingServiceService from class org.apache.chemistry.opencmis.commons.impl.jaxb.MultiFilingServicePort
28-Jul-2025 16:21:07.468 INFO [main] org.apache.cxf.endpoint.ServerImpl.initDestination Setting the server's publish address to be /MultiFilingService
28-Jul-2025 16:21:07.471 INFO [main] org.apache.cxf.wsdl.service.factory.ReflectionServiceFactoryBean.buildServiceFromClass Creating Service {http://webservices.impl.server.opencmis.chemistry.apache.org/}AclServiceService from class org.apache.chemistry.opencmis.commons.impl.jaxb.ACLServicePort
28-Jul-2025 16:21:07.543 INFO [main] org.apache.cxf.endpoint.ServerImpl.initDestination Setting the server's publish address to be /ACLService
28-Jul-2025 16:21:07.545 INFO [main] org.apache.cxf.wsdl.service.factory.ReflectionServiceFactoryBean.buildServiceFromClass Creating Service {http://webservices.impl.server.opencmis.chemistry.apache.org/}PolicyServiceService from class org.apache.chemistry.opencmis.commons.impl.jaxb.PolicyServicePort
28-Jul-2025 16:21:07.617 INFO [main] org.apache.cxf.endpoint.ServerImpl.initDestination Setting the server's publish address to be /PolicyService
28-Jul-2025 16:21:07.636 INFO [main] org.apache.cxf.wsdl.service.factory.ReflectionServiceFactoryBean.buildServiceFromClass Creating Service {http://webservices.impl.server.opencmis.chemistry.apache.org/}RepositoryService10Service from class org.apache.chemistry.opencmis.server.impl.webservices.RepositoryServicePort10
28-Jul-2025 16:21:07.714 INFO [main] org.apache.cxf.endpoint.ServerImpl.initDestination Setting the server's publish address to be /RepositoryService
28-Jul-2025 16:21:07.715 INFO [main] org.apache.cxf.wsdl.service.factory.ReflectionServiceFactoryBean.buildServiceFromClass Creating Service {http://webservices.impl.server.opencmis.chemistry.apache.org/}NavigationServiceService from class org.apache.chemistry.opencmis.commons.impl.jaxb.NavigationServicePort
28-Jul-2025 16:21:07.728 INFO [main] org.apache.cxf.endpoint.ServerImpl.initDestination Setting the server's publish address to be /NavigationService
28-Jul-2025 16:21:07.730 INFO [main] org.apache.cxf.wsdl.service.factory.ReflectionServiceFactoryBean.buildServiceFromClass Creating Service {http://webservices.impl.server.opencmis.chemistry.apache.org/}ObjectService10Service from class org.apache.chemistry.opencmis.server.impl.webservices.ObjectServicePort10
28-Jul-2025 16:21:07.813 INFO [main] org.apache.cxf.endpoint.ServerImpl.initDestination Setting the server's publish address to be /ObjectService
28-Jul-2025 16:21:07.814 INFO [main] org.apache.cxf.wsdl.service.factory.ReflectionServiceFactoryBean.buildServiceFromClass Creating Service {http://webservices.impl.server.opencmis.chemistry.apache.org/}VersioningServiceService from class org.apache.chemistry.opencmis.commons.impl.jaxb.VersioningServicePort
28-Jul-2025 16:21:07.826 INFO [main] org.apache.cxf.endpoint.ServerImpl.initDestination Setting the server's publish address to be /VersioningService
28-Jul-2025 16:21:07.827 INFO [main] org.apache.cxf.wsdl.service.factory.ReflectionServiceFactoryBean.buildServiceFromClass Creating Service {http://webservices.impl.server.opencmis.chemistry.apache.org/}RelationshipServiceService from class org.apache.chemistry.opencmis.commons.impl.jaxb.RelationshipServicePort
28-Jul-2025 16:21:07.835 INFO [main] org.apache.cxf.endpoint.ServerImpl.initDestination Setting the server's publish address to be /RelationshipService
28-Jul-2025 16:21:07.836 INFO [main] org.apache.cxf.wsdl.service.factory.ReflectionServiceFactoryBean.buildServiceFromClass Creating Service {http://webservices.impl.server.opencmis.chemistry.apache.org/}DiscoveryServiceService from class org.apache.chemistry.opencmis.commons.impl.jaxb.DiscoveryServicePort
28-Jul-2025 16:21:07.846 INFO [main] org.apache.cxf.endpoint.ServerImpl.initDestination Setting the server's publish address to be /DiscoveryService
28-Jul-2025 16:21:07.848 INFO [main] org.apache.cxf.wsdl.service.factory.ReflectionServiceFactoryBean.buildServiceFromClass Creating Service {http://webservices.impl.server.opencmis.chemistry.apache.org/}MultiFilingServiceService from class org.apache.chemistry.opencmis.commons.impl.jaxb.MultiFilingServicePort
28-Jul-2025 16:21:07.860 INFO [main] org.apache.cxf.endpoint.ServerImpl.initDestination Setting the server's publish address to be /MultiFilingService
28-Jul-2025 16:21:07.861 INFO [main] org.apache.cxf.wsdl.service.factory.ReflectionServiceFactoryBean.buildServiceFromClass Creating Service {http://webservices.impl.server.opencmis.chemistry.apache.org/}AclServiceService from class org.apache.chemistry.opencmis.commons.impl.jaxb.ACLServicePort
28-Jul-2025 16:21:07.869 INFO [main] org.apache.cxf.endpoint.ServerImpl.initDestination Setting the server's publish address to be /ACLService
28-Jul-2025 16:21:07.870 INFO [main] org.apache.cxf.wsdl.service.factory.ReflectionServiceFactoryBean.buildServiceFromClass Creating Service {http://webservices.impl.server.opencmis.chemistry.apache.org/}PolicyServiceService from class org.apache.chemistry.opencmis.commons.impl.jaxb.PolicyServicePort
28-Jul-2025 16:21:07.880 INFO [main] org.apache.cxf.endpoint.ServerImpl.initDestination Setting the server's publish address to be /PolicyService
28-Jul-2025 16:21:07.886 INFO [main] org.apache.catalina.startup.HostConfig.deployDirectory Deployment of web application directory [/usr/local/tomcat/webapps/alfresco] has finished in [104,626] ms
28-Jul-2025 16:21:07.887 INFO [main] org.apache.catalina.startup.HostConfig.deployDirectory Deploying web application directory [/usr/local/tomcat/webapps/api-explorer]
28-Jul-2025 16:21:07.977 INFO [main] org.apache.jasper.servlet.TldScanner.scanJars At least one JAR was scanned for TLDs yet contained no TLDs. Enable debug logging for this logger for a complete list of JARs that were scanned but no TLDs were found in them. Skipping unneeded JARs during scanning can improve startup time and JSP compilation time.
28-Jul-2025 16:21:08.658 INFO [main] org.apache.catalina.startup.HostConfig.deployDirectory Deployment of web application directory [/usr/local/tomcat/webapps/api-explorer] has finished in [772] ms
28-Jul-2025 16:21:08.658 INFO [main] org.apache.catalina.startup.HostConfig.deployDirectory Deploying web application directory [/usr/local/tomcat/webapps/ROOT]
28-Jul-2025 16:21:08.663 WARNING [main] org.apache.tomcat.util.digester.SetPropertiesRule.begin Match [Context] failed to set property [debug] to [100]
28-Jul-2025 16:21:08.744 INFO [main] org.apache.jasper.servlet.TldScanner.scanJars At least one JAR was scanned for TLDs yet contained no TLDs. Enable debug logging for this logger for a complete list of JARs that were scanned but no TLDs were found in them. Skipping unneeded JARs during scanning can improve startup time and JSP compilation time.
28-Jul-2025 16:21:08.746 INFO [main] org.apache.catalina.startup.HostConfig.deployDirectory Deployment of web application directory [/usr/local/tomcat/webapps/ROOT] has finished in [88] ms
28-Jul-2025 16:21:08.746 INFO [main] org.apache.catalina.startup.HostConfig.deployDirectory Deploying web application directory [/usr/local/tomcat/webapps/_vti_bin]
28-Jul-2025 16:21:08.954 INFO [main] org.apache.jasper.servlet.TldScanner.scanJars At least one JAR was scanned for TLDs yet contained no TLDs. Enable debug logging for this logger for a complete list of JARs that were scanned but no TLDs were found in them. Skipping unneeded JARs during scanning can improve startup time and JSP compilation time.
28-Jul-2025 16:21:08.960 INFO [main] org.apache.catalina.startup.HostConfig.deployDirectory Deployment of web application directory [/usr/local/tomcat/webapps/_vti_bin] has finished in [214] ms
28-Jul-2025 16:21:08.963 INFO [main] org.apache.coyote.AbstractProtocol.start Starting ProtocolHandler ["http-nio-8080"]
28-Jul-2025 16:21:09.009 INFO [main] org.apache.catalina.startup.Catalina.start Server startup in [105817] milliseconds
 2025-07-28 16:21:20,125  INFO  [alfresco.repo.admin] [http-nio-8080-exec-5] Using database URL 'jdbc:postgresql://cloud-platform-a066adb9989d7f7c.cdwm328dlye6.eu-west-2.rds.amazonaws.com:5432/alfresco' with user 'cpkZEn5DhQ'.
 2025-07-28 16:21:20,126  INFO  [alfresco.repo.admin] [http-nio-8080-exec-5] Connected to database PostgreSQL version 14.17
 2025-07-28 16:21:20,127  INFO  [api.probes.ProbeEntityResource] [http-nio-8080-exec-5] readyProbe: Success - Tested
 2025-07-28 16:21:20,617  INFO  [cluster.core.MembershipChangeLogger] [hz._hzInstance_1_MainRepository-2bccc9c6-7d0f-4166-8e0d-eb55fdb76616.event-4] Member left: 172.20.212.38:5701 (hostname: ip-172-20-212-38.eu-west-2.compute.internal)
 2025-07-28 16:21:20,625  INFO  [cluster.core.MembershipChangeLogger] [hz._hzInstance_1_MainRepository-2bccc9c6-7d0f-4166-8e0d-eb55fdb76616.event-4] Current cluster members:
  172.20.181.193:5701 (hostname: ip-172-20-181-193.eu-west-2.compute.internal)
  172.20.202.100:5701 (hostname: alfresco-content-services-alfresco-repository-6c4f79c4c4-hfc8r)

 2025-07-28 16:21:40,065  INFO  [alfresco.repo.admin] [http-nio-8080-exec-7] Using database URL 'jdbc:postgresql://cloud-platform-a066adb9989d7f7c.cdwm328dlye6.eu-west-2.rds.amazonaws.com:5432/alfresco' with user 'cpkZEn5DhQ'.
 2025-07-28 16:21:40,066  INFO  [alfresco.repo.admin] [http-nio-8080-exec-7] Connected to database PostgreSQL version 14.17
 2025-07-28 16:21:40,066  INFO  [api.probes.ProbeEntityResource] [http-nio-8080-exec-7] readyProbe: Success - Tested
 2025-07-28 16:22:00,045  INFO  [alfresco.repo.admin] [http-nio-8080-exec-6] Using database URL 'jdbc:postgresql://cloud-platform-a066adb9989d7f7c.cdwm328dlye6.eu-west-2.rds.amazonaws.com:5432/alfresco' with user 'cpkZEn5DhQ'.
 2025-07-28 16:22:00,046  INFO  [alfresco.repo.admin] [http-nio-8080-exec-6] Connected to database PostgreSQL version 14.17
 2025-07-28 16:22:00,046  INFO  [api.probes.ProbeEntityResource] [http-nio-8080-exec-6] readyProbe: Success - Tested
 2025-07-28 16:22:20,044  INFO  [alfresco.repo.admin] [http-nio-8080-exec-10] Using database URL 'jdbc:postgresql://cloud-platform-a066adb9989d7f7c.cdwm328dlye6.eu-west-2.rds.amazonaws.com:5432/alfresco' with user 'cpkZEn5DhQ'.
 2025-07-28 16:22:20,046  INFO  [alfresco.repo.admin] [http-nio-8080-exec-10] Connected to database PostgreSQL version 14.17
 2025-07-28 16:22:20,046  INFO  [api.probes.ProbeEntityResource] [http-nio-8080-exec-10] readyProbe: Success - Tested
 2025-07-28 16:22:40,045  INFO  [alfresco.repo.admin] [http-nio-8080-exec-2] Using database URL 'jdbc:postgresql://cloud-platform-a066adb9989d7f7c.cdwm328dlye6.eu-west-2.rds.amazonaws.com:5432/alfresco' with user 'cpkZEn5DhQ'.
 2025-07-28 16:22:40,046  INFO  [alfresco.repo.admin] [http-nio-8080-exec-2] Connected to database PostgreSQL version 14.17
 2025-07-28 16:22:40,046  INFO  [api.probes.ProbeEntityResource] [http-nio-8080-exec-2] readyProbe: Success - Tested
 2025-07-28 16:23:00,044  INFO  [alfresco.repo.admin] [http-nio-8080-exec-1] Using database URL 'jdbc:postgresql://cloud-platform-a066adb9989d7f7c.cdwm328dlye6.eu-west-2.rds.amazonaws.com:5432/alfresco' with user 'cpkZEn5DhQ'.
 2025-07-28 16:23:00,045  INFO  [alfresco.repo.admin] [http-nio-8080-exec-1] Connected to database PostgreSQL version 14.17
 2025-07-28 16:23:00,045  INFO  [api.probes.ProbeEntityResource] [http-nio-8080-exec-1] readyProbe: Success - Tested
 2025-07-28 16:23:20,047  INFO  [alfresco.repo.admin] [http-nio-8080-exec-7] Using database URL 'jdbc:postgresql://cloud-platform-a066adb9989d7f7c.cdwm328dlye6.eu-west-2.rds.amazonaws.com:5432/alfresco' with user 'cpkZEn5DhQ'.
 2025-07-28 16:23:20,048  INFO  [alfresco.repo.admin] [http-nio-8080-exec-7] Connected to database PostgreSQL version 14.17
 2025-07-28 16:23:20,048  INFO  [api.probes.ProbeEntityResource] [http-nio-8080-exec-7] readyProbe: Success - Tested
 2025-07-28 16:23:40,045  INFO  [alfresco.repo.admin] [http-nio-8080-exec-6] Using database URL 'jdbc:postgresql://cloud-platform-a066adb9989d7f7c.cdwm328dlye6.eu-west-2.rds.amazonaws.com:5432/alfresco' with user 'cpkZEn5DhQ'.
 2025-07-28 16:23:40,046  INFO  [alfresco.repo.admin] [http-nio-8080-exec-6] Connected to database PostgreSQL version 14.17
 2025-07-28 16:23:40,046  INFO  [api.probes.ProbeEntityResource] [http-nio-8080-exec-6] readyProbe: Success - Tested
 2025-07-28 16:24:00,061  INFO  [alfresco.repo.admin] [http-nio-8080-exec-10] Using database URL 'jdbc:postgresql://cloud-platform-a066adb9989d7f7c.cdwm328dlye6.eu-west-2.rds.amazonaws.com:5432/alfresco' with user 'cpkZEn5DhQ'.
 2025-07-28 16:24:00,062  INFO  [alfresco.repo.admin] [http-nio-8080-exec-10] Connected to database PostgreSQL version 14.17
 2025-07-28 16:24:00,062  INFO  [api.probes.ProbeEntityResource] [http-nio-8080-exec-10] readyProbe: Success - Tested
 2025-07-28 16:24:20,045  INFO  [alfresco.repo.admin] [http-nio-8080-exec-2] Using database URL 'jdbc:postgresql://cloud-platform-a066adb9989d7f7c.cdwm328dlye6.eu-west-2.rds.amazonaws.com:5432/alfresco' with user 'cpkZEn5DhQ'.
 2025-07-28 16:24:20,046  INFO  [alfresco.repo.admin] [http-nio-8080-exec-2] Connected to database PostgreSQL version 14.17
 2025-07-28 16:24:20,046  INFO  [api.probes.ProbeEntityResource] [http-nio-8080-exec-2] readyProbe: Success - Tested
 2025-07-28 16:24:40,044  INFO  [alfresco.repo.admin] [http-nio-8080-exec-1] Using database URL 'jdbc:postgresql://cloud-platform-a066adb9989d7f7c.cdwm328dlye6.eu-west-2.rds.amazonaws.com:5432/alfresco' with user 'cpkZEn5DhQ'.
 2025-07-28 16:24:40,044  INFO  [alfresco.repo.admin] [http-nio-8080-exec-1] Connected to database PostgreSQL version 14.17
 2025-07-28 16:24:40,045  INFO  [api.probes.ProbeEntityResource] [http-nio-8080-exec-1] readyProbe: Success - Tested
 2025-07-28 16:25:00,044  INFO  [alfresco.repo.admin] [http-nio-8080-exec-7] Using database URL 'jdbc:postgresql://cloud-platform-a066adb9989d7f7c.cdwm328dlye6.eu-west-2.rds.amazonaws.com:5432/alfresco' with user 'cpkZEn5DhQ'.
 2025-07-28 16:25:00,045  INFO  [alfresco.repo.admin] [http-nio-8080-exec-7] Connected to database PostgreSQL version 14.17
 2025-07-28 16:25:00,045  INFO  [api.probes.ProbeEntityResource] [http-nio-8080-exec-7] readyProbe: Success - Tested
 2025-07-28 16:25:20,044  INFO  [alfresco.repo.admin] [http-nio-8080-exec-6] Using database URL 'jdbc:postgresql://cloud-platform-a066adb9989d7f7c.cdwm328dlye6.eu-west-2.rds.amazonaws.com:5432/alfresco' with user 'cpkZEn5DhQ'.
 2025-07-28 16:25:20,045  INFO  [alfresco.repo.admin] [http-nio-8080-exec-6] Connected to database PostgreSQL version 14.17
 2025-07-28 16:25:20,046  INFO  [api.probes.ProbeEntityResource] [http-nio-8080-exec-6] readyProbe: Success - Tested
 2025-07-28 16:25:40,044  INFO  [alfresco.repo.admin] [http-nio-8080-exec-10] Using database URL 'jdbc:postgresql://cloud-platform-a066adb9989d7f7c.cdwm328dlye6.eu-west-2.rds.amazonaws.com:5432/alfresco' with user 'cpkZEn5DhQ'.
 2025-07-28 16:25:40,045  INFO  [alfresco.repo.admin] [http-nio-8080-exec-10] Connected to database PostgreSQL version 14.17
 2025-07-28 16:25:40,045  INFO  [api.probes.ProbeEntityResource] [http-nio-8080-exec-10] readyProbe: Success - Tested
 2025-07-28 16:26:00,044  INFO  [alfresco.repo.admin] [http-nio-8080-exec-2] Using database URL 'jdbc:postgresql://cloud-platform-a066adb9989d7f7c.cdwm328dlye6.eu-west-2.rds.amazonaws.com:5432/alfresco' with user 'cpkZEn5DhQ'.
 2025-07-28 16:26:00,045  INFO  [alfresco.repo.admin] [http-nio-8080-exec-2] Connected to database PostgreSQL version 14.17
 2025-07-28 16:26:00,045  INFO  [api.probes.ProbeEntityResource] [http-nio-8080-exec-2] readyProbe: Success - Tested
 2025-07-28 16:26:20,045  INFO  [alfresco.repo.admin] [http-nio-8080-exec-1] Using database URL 'jdbc:postgresql://cloud-platform-a066adb9989d7f7c.cdwm328dlye6.eu-west-2.rds.amazonaws.com:5432/alfresco' with user 'cpkZEn5DhQ'.
 2025-07-28 16:26:20,046  INFO  [alfresco.repo.admin] [http-nio-8080-exec-1] Connected to database PostgreSQL version 14.17
 2025-07-28 16:26:20,046  INFO  [api.probes.ProbeEntityResource] [http-nio-8080-exec-1] readyProbe: Success - Tested
 2025-07-28 16:26:40,044  INFO  [alfresco.repo.admin] [http-nio-8080-exec-5] Using database URL 'jdbc:postgresql://cloud-platform-a066adb9989d7f7c.cdwm328dlye6.eu-west-2.rds.amazonaws.com:5432/alfresco' with user 'cpkZEn5DhQ'.
 2025-07-28 16:26:40,045  INFO  [alfresco.repo.admin] [http-nio-8080-exec-5] Connected to database PostgreSQL version 14.17
 2025-07-28 16:26:40,045  INFO  [api.probes.ProbeEntityResource] [http-nio-8080-exec-5] readyProbe: Success - Tested
 2025-07-28 16:27:00,043  INFO  [alfresco.repo.admin] [http-nio-8080-exec-8] Using database URL 'jdbc:postgresql://cloud-platform-a066adb9989d7f7c.cdwm328dlye6.eu-west-2.rds.amazonaws.com:5432/alfresco' with user 'cpkZEn5DhQ'.
 2025-07-28 16:27:00,045  INFO  [alfresco.repo.admin] [http-nio-8080-exec-8] Connected to database PostgreSQL version 14.17
 2025-07-28 16:27:00,045  INFO  [api.probes.ProbeEntityResource] [http-nio-8080-exec-8] readyProbe: Success - Tested
 2025-07-28 16:27:20,043  INFO  [alfresco.repo.admin] [http-nio-8080-exec-10] Using database URL 'jdbc:postgresql://cloud-platform-a066adb9989d7f7c.cdwm328dlye6.eu-west-2.rds.amazonaws.com:5432/alfresco' with user 'cpkZEn5DhQ'.
 2025-07-28 16:27:20,044  INFO  [alfresco.repo.admin] [http-nio-8080-exec-10] Connected to database PostgreSQL version 14.17
 2025-07-28 16:27:20,044  INFO  [api.probes.ProbeEntityResource] [http-nio-8080-exec-10] readyProbe: Success - Tested
 2025-07-28 16:27:40,044  INFO  [alfresco.repo.admin] [http-nio-8080-exec-2] Using database URL 'jdbc:postgresql://cloud-platform-a066adb9989d7f7c.cdwm328dlye6.eu-west-2.rds.amazonaws.com:5432/alfresco' with user 'cpkZEn5DhQ'.
 2025-07-28 16:27:40,045  INFO  [alfresco.repo.admin] [http-nio-8080-exec-2] Connected to database PostgreSQL version 14.17
 2025-07-28 16:27:40,045  INFO  [api.probes.ProbeEntityResource] [http-nio-8080-exec-2] readyProbe: Success - Tested
 2025-07-28 16:28:00,043  INFO  [alfresco.repo.admin] [http-nio-8080-exec-1] Using database URL 'jdbc:postgresql://cloud-platform-a066adb9989d7f7c.cdwm328dlye6.eu-west-2.rds.amazonaws.com:5432/alfresco' with user 'cpkZEn5DhQ'.
 2025-07-28 16:28:00,044  INFO  [alfresco.repo.admin] [http-nio-8080-exec-1] Connected to database PostgreSQL version 14.17
 2025-07-28 16:28:00,044  INFO  [api.probes.ProbeEntityResource] [http-nio-8080-exec-1] readyProbe: Success - Tested
 2025-07-28 16:28:20,044  INFO  [alfresco.repo.admin] [http-nio-8080-exec-5] Using database URL 'jdbc:postgresql://cloud-platform-a066adb9989d7f7c.cdwm328dlye6.eu-west-2.rds.amazonaws.com:5432/alfresco' with user 'cpkZEn5DhQ'.
 2025-07-28 16:28:20,045  INFO  [alfresco.repo.admin] [http-nio-8080-exec-5] Connected to database PostgreSQL version 14.17
 2025-07-28 16:28:20,045  INFO  [api.probes.ProbeEntityResource] [http-nio-8080-exec-5] readyProbe: Success - Tested
 2025-07-28 16:28:40,045  INFO  [alfresco.repo.admin] [http-nio-8080-exec-8] Using database URL 'jdbc:postgresql://cloud-platform-a066adb9989d7f7c.cdwm328dlye6.eu-west-2.rds.amazonaws.com:5432/alfresco' with user 'cpkZEn5DhQ'.
 2025-07-28 16:28:40,046  INFO  [alfresco.repo.admin] [http-nio-8080-exec-8] Connected to database PostgreSQL version 14.17
 2025-07-28 16:28:40,046  INFO  [api.probes.ProbeEntityResource] [http-nio-8080-exec-8] readyProbe: Success - Tested
 2025-07-28 16:29:00,044  INFO  [alfresco.repo.admin] [http-nio-8080-exec-10] Using database URL 'jdbc:postgresql://cloud-platform-a066adb9989d7f7c.cdwm328dlye6.eu-west-2.rds.amazonaws.com:5432/alfresco' with user 'cpkZEn5DhQ'.
 2025-07-28 16:29:00,045  INFO  [alfresco.repo.admin] [http-nio-8080-exec-10] Connected to database PostgreSQL version 14.17
 2025-07-28 16:29:00,045  INFO  [api.probes.ProbeEntityResource] [http-nio-8080-exec-10] readyProbe: Success - Tested
 2025-07-28 16:29:20,057  INFO  [alfresco.repo.admin] [http-nio-8080-exec-3] Using database URL 'jdbc:postgresql://cloud-platform-a066adb9989d7f7c.cdwm328dlye6.eu-west-2.rds.amazonaws.com:5432/alfresco' with user 'cpkZEn5DhQ'.
 2025-07-28 16:29:20,058  INFO  [alfresco.repo.admin] [http-nio-8080-exec-3] Connected to database PostgreSQL version 14.17
 2025-07-28 16:29:20,058  INFO  [api.probes.ProbeEntityResource] [http-nio-8080-exec-3] readyProbe: Success - Tested
 2025-07-28 16:29:40,044  INFO  [alfresco.repo.admin] [http-nio-8080-exec-1] Using database URL 'jdbc:postgresql://cloud-platform-a066adb9989d7f7c.cdwm328dlye6.eu-west-2.rds.amazonaws.com:5432/alfresco' with user 'cpkZEn5DhQ'.
 2025-07-28 16:29:40,045  INFO  [alfresco.repo.admin] [http-nio-8080-exec-1] Connected to database PostgreSQL version 14.17
 2025-07-28 16:29:40,045  INFO  [api.probes.ProbeEntityResource] [http-nio-8080-exec-1] readyProbe: Success - Tested
 2025-07-28 16:30:00,044  INFO  [alfresco.repo.admin] [http-nio-8080-exec-7] Using database URL 'jdbc:postgresql://cloud-platform-a066adb9989d7f7c.cdwm328dlye6.eu-west-2.rds.amazonaws.com:5432/alfresco' with user 'cpkZEn5DhQ'.
 2025-07-28 16:30:00,045  INFO  [alfresco.repo.admin] [http-nio-8080-exec-7] Connected to database PostgreSQL version 14.17
 2025-07-28 16:30:00,045  INFO  [api.probes.ProbeEntityResource] [http-nio-8080-exec-7] readyProbe: Success - Tested
 2025-07-28 16:30:20,044  INFO  [alfresco.repo.admin] [http-nio-8080-exec-8] Using database URL 'jdbc:postgresql://cloud-platform-a066adb9989d7f7c.cdwm328dlye6.eu-west-2.rds.amazonaws.com:5432/alfresco' with user 'cpkZEn5DhQ'.
 2025-07-28 16:30:20,045  INFO  [alfresco.repo.admin] [http-nio-8080-exec-8] Connected to database PostgreSQL version 14.17
 2025-07-28 16:30:20,045  INFO  [api.probes.ProbeEntityResource] [http-nio-8080-exec-8] readyProbe: Success - Tested
 2025-07-28 16:30:40,044  INFO  [alfresco.repo.admin] [http-nio-8080-exec-9] Using database URL 'jdbc:postgresql://cloud-platform-a066adb9989d7f7c.cdwm328dlye6.eu-west-2.rds.amazonaws.com:5432/alfresco' with user 'cpkZEn5DhQ'.
 2025-07-28 16:30:40,046  INFO  [alfresco.repo.admin] [http-nio-8080-exec-9] Connected to database PostgreSQL version 14.17
 2025-07-28 16:30:40,046  INFO  [api.probes.ProbeEntityResource] [http-nio-8080-exec-9] readyProbe: Success - Tested
 2025-07-28 16:31:00,043  INFO  [alfresco.repo.admin] [http-nio-8080-exec-2] Using database URL 'jdbc:postgresql://cloud-platform-a066adb9989d7f7c.cdwm328dlye6.eu-west-2.rds.amazonaws.com:5432/alfresco' with user 'cpkZEn5DhQ'.
 2025-07-28 16:31:00,044  INFO  [alfresco.repo.admin] [http-nio-8080-exec-2] Connected to database PostgreSQL version 14.17
 2025-07-28 16:31:00,044  INFO  [api.probes.ProbeEntityResource] [http-nio-8080-exec-2] readyProbe: Success - Tested
 2025-07-28 16:31:20,044  INFO  [alfresco.repo.admin] [http-nio-8080-exec-1] Using database URL 'jdbc:postgresql://cloud-platform-a066adb9989d7f7c.cdwm328dlye6.eu-west-2.rds.amazonaws.com:5432/alfresco' with user 'cpkZEn5DhQ'.
 2025-07-28 16:31:20,045  INFO  [alfresco.repo.admin] [http-nio-8080-exec-1] Connected to database PostgreSQL version 14.17
 2025-07-28 16:31:20,045  INFO  [api.probes.ProbeEntityResource] [http-nio-8080-exec-1] readyProbe: Success - Tested
 2025-07-28 16:31:40,045  INFO  [alfresco.repo.admin] [http-nio-8080-exec-7] Using database URL 'jdbc:postgresql://cloud-platform-a066adb9989d7f7c.cdwm328dlye6.eu-west-2.rds.amazonaws.com:5432/alfresco' with user 'cpkZEn5DhQ'.
 2025-07-28 16:31:40,046  INFO  [alfresco.repo.admin] [http-nio-8080-exec-7] Connected to database PostgreSQL version 14.17
 2025-07-28 16:31:40,046  INFO  [api.probes.ProbeEntityResource] [http-nio-8080-exec-7] readyProbe: Success - Tested
 2025-07-28 16:31:43,563  INFO  [management.subsystems.ChildApplicationContextFactory] [hz._hzInstance_1_MainRepository-2bccc9c6-7d0f-4166-8e0d-eb55fdb76616.event-3] Starting 'Transformers' subsystem, ID: [Transformers, default]
 2025-07-28 16:31:43,604  INFO  [management.subsystems.ChildApplicationContextFactory] [hz._hzInstance_1_MainRepository-2bccc9c6-7d0f-4166-8e0d-eb55fdb76616.event-3] Startup of 'Transformers' subsystem, ID: [Transformers, default] complete
 2025-07-28 16:32:00,055  INFO  [alfresco.repo.admin] [http-nio-8080-exec-6] Using database URL 'jdbc:postgresql://cloud-platform-a066adb9989d7f7c.cdwm328dlye6.eu-west-2.rds.amazonaws.com:5432/alfresco' with user 'cpkZEn5DhQ'.
 2025-07-28 16:32:00,056  INFO  [alfresco.repo.admin] [http-nio-8080-exec-6] Connected to database PostgreSQL version 14.17
 2025-07-28 16:32:00,056  INFO  [api.probes.ProbeEntityResource] [http-nio-8080-exec-6] readyProbe: Success - Tested
 2025-07-28 16:32:20,044  INFO  [alfresco.repo.admin] [http-nio-8080-exec-10] Using database URL 'jdbc:postgresql://cloud-platform-a066adb9989d7f7c.cdwm328dlye6.eu-west-2.rds.amazonaws.com:5432/alfresco' with user 'cpkZEn5DhQ'.
 2025-07-28 16:32:20,045  INFO  [alfresco.repo.admin] [http-nio-8080-exec-10] Connected to database PostgreSQL version 14.17
 2025-07-28 16:32:20,045  INFO  [api.probes.ProbeEntityResource] [http-nio-8080-exec-10] readyProbe: Success - Tested
 2025-07-28 16:32:40,044  INFO  [alfresco.repo.admin] [http-nio-8080-exec-3] Using database URL 'jdbc:postgresql://cloud-platform-a066adb9989d7f7c.cdwm328dlye6.eu-west-2.rds.amazonaws.com:5432/alfresco' with user 'cpkZEn5DhQ'.
 2025-07-28 16:32:40,045  INFO  [alfresco.repo.admin] [http-nio-8080-exec-3] Connected to database PostgreSQL version 14.17
 2025-07-28 16:32:40,046  INFO  [api.probes.ProbeEntityResource] [http-nio-8080-exec-3] readyProbe: Success - Tested
 2025-07-28 16:33:00,044  INFO  [alfresco.repo.admin] [http-nio-8080-exec-4] Using database URL 'jdbc:postgresql://cloud-platform-a066adb9989d7f7c.cdwm328dlye6.eu-west-2.rds.amazonaws.com:5432/alfresco' with user 'cpkZEn5DhQ'.
 2025-07-28 16:33:00,045  INFO  [alfresco.repo.admin] [http-nio-8080-exec-4] Connected to database PostgreSQL version 14.17
 2025-07-28 16:33:00,045  INFO  [api.probes.ProbeEntityResource] [http-nio-8080-exec-4] readyProbe: Success - Tested
 2025-07-28 16:33:20,044  INFO  [alfresco.repo.admin] [http-nio-8080-exec-5] Using database URL 'jdbc:postgresql://cloud-platform-a066adb9989d7f7c.cdwm328dlye6.eu-west-2.rds.amazonaws.com:5432/alfresco' with user 'cpkZEn5DhQ'.
 2025-07-28 16:33:20,045  INFO  [alfresco.repo.admin] [http-nio-8080-exec-5] Connected to database PostgreSQL version 14.17
 2025-07-28 16:33:20,045  INFO  [api.probes.ProbeEntityResource] [http-nio-8080-exec-5] readyProbe: Success - Tested
 2025-07-28 16:33:40,044  INFO  [alfresco.repo.admin] [http-nio-8080-exec-8] Using database URL 'jdbc:postgresql://cloud-platform-a066adb9989d7f7c.cdwm328dlye6.eu-west-2.rds.amazonaws.com:5432/alfresco' with user 'cpkZEn5DhQ'.
 2025-07-28 16:33:40,045  INFO  [alfresco.repo.admin] [http-nio-8080-exec-8] Connected to database PostgreSQL version 14.17
 2025-07-28 16:33:40,045  INFO  [api.probes.ProbeEntityResource] [http-nio-8080-exec-8] readyProbe: Success - Tested
 2025-07-28 16:34:00,043  INFO  [alfresco.repo.admin] [http-nio-8080-exec-10] Using database URL 'jdbc:postgresql://cloud-platform-a066adb9989d7f7c.cdwm328dlye6.eu-west-2.rds.amazonaws.com:5432/alfresco' with user 'cpkZEn5DhQ'.
 2025-07-28 16:34:00,044  INFO  [alfresco.repo.admin] [http-nio-8080-exec-10] Connected to database PostgreSQL version 14.17
 2025-07-28 16:34:00,044  INFO  [api.probes.ProbeEntityResource] [http-nio-8080-exec-10] readyProbe: Success - Tested
 2025-07-28 16:34:20,043  INFO  [alfresco.repo.admin] [http-nio-8080-exec-2] Using database URL 'jdbc:postgresql://cloud-platform-a066adb9989d7f7c.cdwm328dlye6.eu-west-2.rds.amazonaws.com:5432/alfresco' with user 'cpkZEn5DhQ'.
 2025-07-28 16:34:20,044  INFO  [alfresco.repo.admin] [http-nio-8080-exec-2] Connected to database PostgreSQL version 14.17
 2025-07-28 16:34:20,044  INFO  [api.probes.ProbeEntityResource] [http-nio-8080-exec-2] readyProbe: Success - Tested
 2025-07-28 16:34:40,044  INFO  [alfresco.repo.admin] [http-nio-8080-exec-4] Using database URL 'jdbc:postgresql://cloud-platform-a066adb9989d7f7c.cdwm328dlye6.eu-west-2.rds.amazonaws.com:5432/alfresco' with user 'cpkZEn5DhQ'.
 2025-07-28 16:34:40,045  INFO  [alfresco.repo.admin] [http-nio-8080-exec-4] Connected to database PostgreSQL version 14.17
 2025-07-28 16:34:40,045  INFO  [api.probes.ProbeEntityResource] [http-nio-8080-exec-4] readyProbe: Success - Tested
 2025-07-28 16:35:00,045  INFO  [alfresco.repo.admin] [http-nio-8080-exec-5] Using database URL 'jdbc:postgresql://cloud-platform-a066adb9989d7f7c.cdwm328dlye6.eu-west-2.rds.amazonaws.com:5432/alfresco' with user 'cpkZEn5DhQ'.
 2025-07-28 16:35:00,046  INFO  [alfresco.repo.admin] [http-nio-8080-exec-5] Connected to database PostgreSQL version 14.17
 2025-07-28 16:35:00,046  INFO  [api.probes.ProbeEntityResource] [http-nio-8080-exec-5] readyProbe: Success - Tested
 2025-07-28 16:35:20,043  INFO  [alfresco.repo.admin] [http-nio-8080-exec-8] Using database URL 'jdbc:postgresql://cloud-platform-a066adb9989d7f7c.cdwm328dlye6.eu-west-2.rds.amazonaws.com:5432/alfresco' with user 'cpkZEn5DhQ'.
 2025-07-28 16:35:20,044  INFO  [alfresco.repo.admin] [http-nio-8080-exec-8] Connected to database PostgreSQL version 14.17
 2025-07-28 16:35:20,044  INFO  [api.probes.ProbeEntityResource] [http-nio-8080-exec-8] readyProbe: Success - Tested
 2025-07-28 16:35:40,043  INFO  [alfresco.repo.admin] [http-nio-8080-exec-9] Using database URL 'jdbc:postgresql://cloud-platform-a066adb9989d7f7c.cdwm328dlye6.eu-west-2.rds.amazonaws.com:5432/alfresco' with user 'cpkZEn5DhQ'.
 2025-07-28 16:35:40,044  INFO  [alfresco.repo.admin] [http-nio-8080-exec-9] Connected to database PostgreSQL version 14.17
 2025-07-28 16:35:40,045  INFO  [api.probes.ProbeEntityResource] [http-nio-8080-exec-9] readyProbe: Success - Tested
 2025-07-28 16:36:00,044  INFO  [alfresco.repo.admin] [http-nio-8080-exec-2] Using database URL 'jdbc:postgresql://cloud-platform-a066adb9989d7f7c.cdwm328dlye6.eu-west-2.rds.amazonaws.com:5432/alfresco' with user 'cpkZEn5DhQ'.
 2025-07-28 16:36:00,045  INFO  [alfresco.repo.admin] [http-nio-8080-exec-2] Connected to database PostgreSQL version 14.17
 2025-07-28 16:36:00,045  INFO  [api.probes.ProbeEntityResource] [http-nio-8080-exec-2] readyProbe: Success - Tested
