Defaulted container "alfresco-repository" out of: alfresco-repository, wait-db-ready (init)
bash: warning: setlocale: LC_ALL: cannot change locale (en_US.UTF-8)
NOTE: Picked up JDK_JAVA_OPTIONS:  --add-opens=java.base/java.lang=ALL-UNNAMED --add-opens=java.base/java.io=ALL-UNNAMED --add-opens=java.base/java.util=ALL-UNNAMED --add-opens=java.base/java.util.concurrent=ALL-UNNAMED --add-opens=java.rmi/sun.rmi.transport=ALL-UNNAMED
WARNING: A command line option has enabled the Security Manager
WARNING: The Security Manager is deprecated and will be removed in a future release
28-Jul-2025 16:17:59.648 INFO [main] org.apache.catalina.startup.VersionLoggerListener.log Server version name:   Apache Tomcat/9.0.62
28-Jul-2025 16:17:59.649 INFO [main] org.apache.catalina.startup.VersionLoggerListener.log Server built:          Mar 31 2022 14:34:15 UTC
28-Jul-2025 16:17:59.649 INFO [main] org.apache.catalina.startup.VersionLoggerListener.log Server version number: 9.0.62.0
28-Jul-2025 16:17:59.649 INFO [main] org.apache.catalina.startup.VersionLoggerListener.log OS Name:               Linux
28-Jul-2025 16:17:59.649 INFO [main] org.apache.catalina.startup.VersionLoggerListener.log OS Version:            5.10.238-231.953.amzn2.x86_64
28-Jul-2025 16:17:59.649 INFO [main] org.apache.catalina.startup.VersionLoggerListener.log Architecture:          amd64
28-Jul-2025 16:17:59.649 INFO [main] org.apache.catalina.startup.VersionLoggerListener.log Java Home:             /usr/lib/jvm/java-17-openjdk-17.0.4.1.1-2.el8_6.x86_64
28-Jul-2025 16:17:59.649 INFO [main] org.apache.catalina.startup.VersionLoggerListener.log JVM Version:           17.0.4.1+1-LTS
28-Jul-2025 16:17:59.650 INFO [main] org.apache.catalina.startup.VersionLoggerListener.log JVM Vendor:            Red Hat, Inc.
28-Jul-2025 16:17:59.650 INFO [main] org.apache.catalina.startup.VersionLoggerListener.log CATALINA_BASE:         /usr/local/tomcat
28-Jul-2025 16:17:59.650 INFO [main] org.apache.catalina.startup.VersionLoggerListener.log CATALINA_HOME:         /usr/local/tomcat
28-Jul-2025 16:17:59.653 INFO [main] org.apache.catalina.core.AprLifecycleListener.lifecycleEvent Loaded Apache Tomcat Native library [1.2.32] using APR version [1.6.3].
28-Jul-2025 16:17:59.653 INFO [main] org.apache.catalina.core.AprLifecycleListener.lifecycleEvent APR capabilities: IPv6 [true], sendfile [true], accept filters [false], random [true], UDS [true].
28-Jul-2025 16:17:59.653 INFO [main] org.apache.catalina.core.AprLifecycleListener.lifecycleEvent APR/OpenSSL configuration: useAprConnector [false], useOpenSSL [true]
28-Jul-2025 16:17:59.655 INFO [main] org.apache.catalina.core.AprLifecycleListener.initializeSSL OpenSSL successfully initialized [OpenSSL 1.1.1k  FIPS 25 Mar 2021]
28-Jul-2025 16:17:59.790 INFO [main] org.apache.coyote.AbstractProtocol.init Initializing ProtocolHandler ["http-nio-8080"]
28-Jul-2025 16:17:59.801 INFO [main] org.apache.catalina.startup.Catalina.load Server initialization in [269] milliseconds
28-Jul-2025 16:17:59.823 INFO [main] org.apache.catalina.core.StandardService.startInternal Starting service [Catalina]
28-Jul-2025 16:17:59.823 INFO [main] org.apache.catalina.core.StandardEngine.startInternal Starting Servlet engine: [Apache Tomcat/9.0.62]
28-Jul-2025 16:17:59.827 INFO [main] org.apache.catalina.startup.HostConfig.deployDirectory Deploying web application directory [/usr/local/tomcat/webapps/alfresco]
28-Jul-2025 16:18:00.122 WARNING [main] org.apache.juli.ClassLoaderLogManager.readConfiguration Reading /usr/local/tomcat/webapps/alfresco/WEB-INF/classes/logging.properties is not permitted. See "per context logging" in the default catalina.policy file.
28-Jul-2025 16:18:00.125 WARNING [main] org.apache.juli.ClassLoaderLogManager.readConfiguration Reading /usr/local/tomcat/webapps/alfresco/WEB-INF/classes/logging.properties is not permitted. See "per context logging" in the default catalina.policy file.
28-Jul-2025 16:18:07.882 INFO [main] org.apache.jasper.servlet.TldScanner.scanJars At least one JAR was scanned for TLDs yet contained no TLDs. Enable debug logging for this logger for a complete list of JARs that were scanned but no TLDs were found in them. Skipping unneeded JARs during scanning can improve startup time and JSP compilation time.
2025-07-28 16:18:13,320  INFO  [management.subsystems.ChildApplicationContextFactory] [main] Starting 'ContentStore' subsystem, ID: [ContentStore, managed, S3]
2025-07-28 16:18:15,141  INFO  [management.subsystems.ChildApplicationContextFactory] [main] Startup of 'ContentStore' subsystem, ID: [ContentStore, managed, S3] complete
ERROR StatusLogger Log4j2 could not find a logging implementation. Please add log4j-core to the classpath. Using SimpleLogger to log to the console...
2025-07-28 16:18:18,123  WARN  [heartbeat.datasender.HBDataSenderServiceBuilder] [main] Setting the Heartbeat sender cron with property 'heartbeat.sender.cronExpression' is no longer supported.
2025-07-28 16:18:18,306  INFO  [domain.schema.SchemaBootstrap] [main] Ignoring script patch (post-Hibernate): patch.db-V4.2-metadata-query-indexes
2025-07-28 16:18:18,307  INFO  [domain.schema.SchemaBootstrap] [main] Ignoring script patch (post-Hibernate): patch.db-V5.1-metadata-query-indexes
2025-07-28 16:18:18,307  INFO  [domain.schema.SchemaBootstrap] [main] Ignoring script patch (post-Hibernate): patch.db-V5.2-remove-jbpm-tables-from-db
2025-07-28 16:18:18,307  INFO  [domain.schema.SchemaBootstrap] [main] Ignoring script patch (post-Hibernate): patch.db-V7.1.0-remove-alf_server-table
2025-07-28 16:18:18,555  INFO  [alfresco.repo.admin] [main] Using database URL 'jdbc:postgresql://cloud-platform-a066adb9989d7f7c.cdwm328dlye6.eu-west-2.rds.amazonaws.com:5432/alfresco' with user 'cpkZEn5DhQ'.
 2025-07-28 16:18:18,558  INFO  [alfresco.repo.admin] [main] Connected to database PostgreSQL version 14.17
 2025-07-28 16:18:23,280  INFO  [management.subsystems.ChildApplicationContextFactory] [main] Starting 'Authentication' subsystem, ID: [Authentication, managed, alfrescoNtlm1]
 2025-07-28 16:18:23,351  INFO  [management.subsystems.ChildApplicationContextFactory] [main] Startup of 'Authentication' subsystem, ID: [Authentication, managed, alfrescoNtlm1] complete
 2025-07-28 16:18:23,351  INFO  [management.subsystems.ChildApplicationContextFactory] [main] Starting 'Authentication' subsystem, ID: [Authentication, managed, external1]
 2025-07-28 16:18:23,423  INFO  [management.subsystems.ChildApplicationContextFactory] [main] Startup of 'Authentication' subsystem, ID: [Authentication, managed, external1] complete
 2025-07-28 16:18:28,126  INFO  [population.config.RqaWorkerConfig] [main] QuerySet batch size property is set to [5000].
 2025-07-28 16:18:28,577  INFO  [management.subsystems.ChildApplicationContextFactory] [main] Starting 'sysAdmin' subsystem, ID: [sysAdmin, default]
 2025-07-28 16:18:28,591  INFO  [management.subsystems.ChildApplicationContextFactory] [main] Startup of 'sysAdmin' subsystem, ID: [sysAdmin, default] complete
 2025-07-28 16:18:30,242  INFO  [extensions.webscripts.TemplateProcessorRegistry] [main] Registered template processor Repository Template Processor for extension ftl
 2025-07-28 16:18:30,247  INFO  [extensions.webscripts.ScriptProcessorRegistry] [main] Registered script processor Repository Script Processor for extension js
 2025-07-28 16:18:33,477  INFO  [management.subsystems.ChildApplicationContextFactory] [main] Starting 'ContentStore' subsystem, ID: [ContentStore, managed, unencrypted]
 2025-07-28 16:18:33,502  INFO  [management.subsystems.ChildApplicationContextFactory] [main] Startup of 'ContentStore' subsystem, ID: [ContentStore, managed, unencrypted] complete
 2025-07-28 16:18:33,564  INFO  [domain.schema.SchemaBootstrap] [main] Connecting to database: 1203059217, URL=jdbc:postgresql://cloud-platform-a066adb9989d7f7c.cdwm328dlye6.eu-west-2.rds.amazonaws.com:5432/alfresco, PostgreSQL JDBC Driver
 2025-07-28 16:18:33,564  INFO  [domain.schema.SchemaBootstrap] [main] Schema managed by database dialect org.alfresco.repo.domain.dialect.PostgreSQLDialect.
 2025-07-28 16:18:33,590  INFO  [domain.schema.SchemaBootstrap] [main] Applied patches detected: 233
 2025-07-28 16:18:33,713  INFO  [domain.schema.SchemaBootstrap] [main] Checking and patching Alfresco tables took 123 ms
 2025-07-28 16:18:33,717  INFO  [domain.schema.SchemaBootstrap] [main] Activiti tables need to be checked for patches
 2025-07-28 16:18:33,804  INFO  [domain.schema.SchemaBootstrap] [main] Checking and patching Activiti tables took 87 ms
 2025-07-28 16:18:33,908  INFO  [domain.schema.SchemaBootstrap] [main] Checking that all patches have been applied took 104 ms
 2025-07-28 16:18:33,908  INFO  [domain.schema.SchemaBootstrap] [main] Updating the DB schema took 343 ms
 2025-07-28 16:18:33,909  INFO  [domain.schema.SchemaBootstrap] [main] No changes were made to the schema.
 2025-07-28 16:18:34,704  INFO  [enterprise.license.AlfrescoLicenseManager] [main] Successfully installed license from file [/usr/local/tomcat/shared/classes/alfresco/extension/license/license.lic]
 2025-07-28 16:18:34,728  WARN  [enterprise.license.AlfrescoLicenseManager] [main] Failed to rename installed license file license.lic to license.lic.installed
28-Jul-2025 16:18:35.623 INFO [main] com.hazelcast.config.InMemoryXmlConfig.null Configuring Hazelcast from 'in-memory xml'.
28-Jul-2025 16:18:35.639 WARNING [main] com.hazelcast.config.AbstractXmlConfigHelper.null Name of the hazelcast schema location is incorrect, using default
28-Jul-2025 16:18:35.801 WARNING [main] com.hazelcast.instance.HazelcastInstanceFactory.null Hazelcast is starting in a Java modular environment (Java 9 and newer) but without proper access to required Java packages. Use additional Java arguments to provide Hazelcast access to Java internal API. The internal API access is used to get the best performance results. Arguments to be used:
 --add-modules java.se --add-exports java.base/jdk.internal.ref=ALL-UNNAMED --add-opens java.base/java.lang=ALL-UNNAMED --add-opens java.base/java.nio=ALL-UNNAMED --add-opens java.base/sun.nio.ch=ALL-UNNAMED --add-opens java.management/sun.management=ALL-UNNAMED --add-opens jdk.management/com.sun.management.internal=ALL-UNNAMED
 2025-07-28 16:18:37,450  WARN  [alfresco.cache.propertyValueTransactionalCache] [main] Transactional update cache 'org.alfresco.cache.propertyValueTransactionalCache' is full (1000).
 2025-07-28 16:18:46,278  INFO  [cluster.core.ClusteringBootstrap] [main] Cluster started, name: MainRepository-2bccc9c6-7d0f-4166-8e0d-eb55fdb76616
 2025-07-28 16:18:47,531  INFO  [cluster.core.ClusteringBootstrap] [main] Current cluster members:
  172.20.223.238:5701 (hostname: alfresco-content-services-alfresco-repository-f8fc68955-ng88m)
  172.20.181.193:5701 (hostname: alfresco-content-services-alfresco-repository-6c4f79c4c4-vk5dx)
  172.20.212.38:5701 (hostname: alfresco-content-services-alfresco-repository-f8fc68955-k85jj)

 2025-07-28 16:18:47,534  WARN  [repo.admin.ConfigurationChecker] [main] The 'dir.root' property is set to a relative path './alf_data'.  'dir.root' should be overridden to point to a specific folder.
 2025-07-28 16:18:47,534  INFO  [repo.admin.ConfigurationChecker] [main] The root data directory ('dir.root') is: ./alf_data
 2025-07-28 16:18:47,650  INFO  [admin.patch.PatchExecuter] [main] Checking for patches to apply ...
 2025-07-28 16:18:48,702  INFO  [admin.patch.PatchExecuter] [main] No patches were required.
 2025-07-28 16:18:48,717  INFO  [repo.module.ModuleServiceImpl] [main] Found 8 module package(s).
 2025-07-28 16:18:48,778  INFO  [repo.module.ModuleServiceImpl] [main] Starting module 'alfresco-aos-module' version 1.5.0.
 2025-07-28 16:18:48,793  INFO  [repo.module.ModuleServiceImpl] [main] Starting module 'noms-spg-platform' version 5.0.2.
 2025-07-28 16:18:48,805  INFO  [repo.module.ModuleServiceImpl] [main] Starting module 'org.alfresco.integrations.google.docs' version 3.4.2.
 2025-07-28 16:18:48,816  INFO  [repo.module.ModuleServiceImpl] [main] Starting module 'org_alfresco_integrations_S3Connector' version 5.1.0.
 2025-07-28 16:18:48,830  INFO  [repo.module.ModuleServiceImpl] [main] Starting module 'org_alfresco_device_sync_repo' version 3.11.3.
 2025-07-28 16:18:48,843  INFO  [repo.module.ModuleServiceImpl] [main] Starting module 'alfresco-share-services' version 19.18.
 2025-07-28 16:18:48,853  INFO  [repo.module.ModuleServiceImpl] [main] Starting module 'model-ns-prefix-mapping' version 1.1.0.
 2025-07-28 16:18:48,865  INFO  [repo.module.ModuleServiceImpl] [main] Starting module 'alfresco-trashcan-cleaner' version 2.4.1.
 2025-07-28 16:18:48,874  WARN  [repo.module.ModuleServiceImpl] [main] A previously-installed module 'noms-spg-alfresco-amp' (version 3.10.12) is not present in your distribution.
 2025-07-28 16:18:48,878  WARN  [repo.module.ModuleServiceImpl] [main] A previously-installed module 'elasticsearch-audit-alfresco-module' (version 3.5-NSPG.1706071551) is not present in your distribution.
 2025-07-28 16:18:48,883  WARN  [repo.module.ModuleServiceImpl] [main] A previously-installed module 'support-tools' (version 1.11) is not present in your distribution.
 2025-07-28 16:18:48,887  WARN  [repo.module.ModuleServiceImpl] [main] A previously-installed module 'alfresco-saml-repo' (version 1.0.3) is not present in your distribution.
 2025-07-28 16:18:48,891  WARN  [repo.module.ModuleServiceImpl] [main] A previously-installed module 'org.alfresco.module.vti' (version 1.3) is not present in your distribution.
 2025-07-28 16:18:48,894  INFO  [management.subsystems.ChildApplicationContextFactory] [main] Starting 'fileServers' subsystem, ID: [fileServers, default]
 2025-07-28 16:18:49,289  INFO  [management.subsystems.ChildApplicationContextFactory] [main] Startup of 'fileServers' subsystem, ID: [fileServers, default] complete
 2025-07-28 16:18:49,290  INFO  [management.subsystems.ChildApplicationContextFactory] [main] Starting 'imap' subsystem, ID: [imap, default]
 2025-07-28 16:18:49,414  INFO  [management.subsystems.ChildApplicationContextFactory] [main] Startup of 'imap' subsystem, ID: [imap, default] complete
 2025-07-28 16:18:49,415  INFO  [management.subsystems.ChildApplicationContextFactory] [main] Starting 'email' subsystem, ID: [email, outbound]
 2025-07-28 16:18:49,929  INFO  [management.subsystems.ChildApplicationContextFactory] [main] Startup of 'email' subsystem, ID: [email, outbound] complete
 2025-07-28 16:18:49,929  INFO  [management.subsystems.ChildApplicationContextFactory] [main] Starting 'email' subsystem, ID: [email, inbound]
 2025-07-28 16:18:49,991  INFO  [management.subsystems.ChildApplicationContextFactory] [main] Startup of 'email' subsystem, ID: [email, inbound] complete
 2025-07-28 16:18:49,991  INFO  [management.subsystems.ChildApplicationContextFactory] [main] Starting 'Subscriptions' subsystem, ID: [Subscriptions, default]
 2025-07-28 16:18:50,025  INFO  [management.subsystems.ChildApplicationContextFactory] [main] Startup of 'Subscriptions' subsystem, ID: [Subscriptions, default] complete
 2025-07-28 16:18:50,070  INFO  [management.subsystems.ChildApplicationContextFactory] [main] Starting 'Synchronization' subsystem, ID: [Synchronization, default]
 2025-07-28 16:18:50,329  INFO  [management.subsystems.ChildApplicationContextFactory] [main] Startup of 'Synchronization' subsystem, ID: [Synchronization, default] complete
 2025-07-28 16:18:50,406  INFO  [service.descriptor.DescriptorService] [main] Alfresco JVM - v17.0.4.1+1-LTS; maximum heap size 8192.000MB
 2025-07-28 16:18:50,406  INFO  [service.descriptor.DescriptorService] [main] Alfresco license: Mode ENTERPRISE, cluster:enabled, NO CUSTOM EMBEDDED WORKFLOW granted to NOMS - National Offender Management Service limited to 352 days expiring Sat Oct 04 04:00:00 UTC 2025 (68 days remaining).
 2025-07-28 16:18:50,406  INFO  [service.descriptor.DescriptorService] [main] Server Mode :UNKNOWN
 2025-07-28 16:18:50,409  INFO  [service.descriptor.DescriptorService] [main] Alfresco Content Services started (Enterprise). Current version: 7.3.2 (r25557ca0-blocal) schema 17,200. Originally installed version: 5.0.2 (.9 r120275-b105) schema 8,033.
 2025-07-28 16:18:50,415  INFO  [management.subsystems.ChildApplicationContextFactory] [main] Starting 'ActivitiesFeed' subsystem, ID: [ActivitiesFeed, default]
 2025-07-28 16:18:50,606  INFO  [management.subsystems.ChildApplicationContextFactory] [main] Startup of 'ActivitiesFeed' subsystem, ID: [ActivitiesFeed, default] complete
 2025-07-28 16:18:50,721  INFO  [repo.authorization.AuthorizationService] [main] Preauthorized user: admin
 2025-07-28 16:18:50,733  INFO  [management.subsystems.ChildApplicationContextFactory] [main] Starting 'Replication' subsystem, ID: [Replication, default]
 2025-07-28 16:18:50,746  INFO  [management.subsystems.ChildApplicationContextFactory] [main] Startup of 'Replication' subsystem, ID: [Replication, default] complete
 2025-07-28 16:18:52,114  INFO  [management.subsystems.ChildApplicationContextFactory] [main] Starting 'Events' subsystem, ID: [Events, default]
 2025-07-28 16:18:52,283  INFO  [management.subsystems.ChildApplicationContextFactory] [main] Startup of 'Events' subsystem, ID: [Events, default] complete
 2025-07-28 16:18:52,283  INFO  [management.subsystems.ChildApplicationContextFactory] [main] Starting 'Messaging' subsystem, ID: [Messaging, default]
 2025-07-28 16:18:53,979  INFO  [management.subsystems.ChildApplicationContextFactory] [main] Startup of 'Messaging' subsystem, ID: [Messaging, default] complete
 2025-07-28 16:18:54,015  INFO  [management.subsystems.ChildApplicationContextFactory] [main] Starting 'googledocs' subsystem, ID: [googledocs, drive]
 2025-07-28 16:18:54,159  INFO  [management.subsystems.ChildApplicationContextFactory] [main] Startup of 'googledocs' subsystem, ID: [googledocs, drive] complete
 2025-07-28 16:18:58,877  INFO  [extensions.webscripts.DeclarativeRegistry] [asynchronouslyRefreshedCacheThreadPool1] Registered 519 Web Scripts (+0 failed), 674 URLs
 2025-07-28 16:18:58,878  INFO  [extensions.webscripts.DeclarativeRegistry] [asynchronouslyRefreshedCacheThreadPool1] Registered 1 Package Description Documents (+0 failed) 
 2025-07-28 16:18:58,878  INFO  [extensions.webscripts.DeclarativeRegistry] [asynchronouslyRefreshedCacheThreadPool1] Registered 0 Schema Description Documents (+0 failed) 
 2025-07-28 16:18:59,651  INFO  [extensions.webscripts.DeclarativeRegistry] [main] Registered 519 Web Scripts (+0 failed), 674 URLs
 2025-07-28 16:18:59,651  INFO  [extensions.webscripts.DeclarativeRegistry] [main] Registered 1 Package Description Documents (+0 failed) 
 2025-07-28 16:18:59,651  INFO  [extensions.webscripts.DeclarativeRegistry] [main] Registered 0 Schema Description Documents (+0 failed) 
 2025-07-28 16:18:59,656  INFO  [extensions.webscripts.AbstractRuntimeContainer] [main] Initialised Repository Web Script Container (in 5336.0723ms)
 2025-07-28 16:18:59,673  INFO  [extensions.webscripts.TemplateProcessorRegistry] [main] Registered template processor freemarker for extension ftl
 2025-07-28 16:18:59,676  INFO  [extensions.webscripts.ScriptProcessorRegistry] [main] Registered script processor javascript for extension js
 2025-07-28 16:19:00,303  INFO  [extensions.webscripts.DeclarativeRegistry] [asynchronouslyRefreshedCacheThreadPool1] Registered 519 Web Scripts (+0 failed), 674 URLs
 2025-07-28 16:19:00,303  INFO  [extensions.webscripts.DeclarativeRegistry] [asynchronouslyRefreshedCacheThreadPool1] Registered 1 Package Description Documents (+0 failed) 
 2025-07-28 16:19:00,303  INFO  [extensions.webscripts.DeclarativeRegistry] [asynchronouslyRefreshedCacheThreadPool1] Registered 0 Schema Description Documents (+0 failed) 
 2025-07-28 16:19:00,415  INFO  [extensions.webscripts.DeclarativeRegistry] [asynchronouslyRefreshedCacheThreadPool1] Registered 14 Web Scripts (+0 failed), 103 URLs
 2025-07-28 16:19:00,416  INFO  [extensions.webscripts.DeclarativeRegistry] [asynchronouslyRefreshedCacheThreadPool1] Registered 0 Package Description Documents (+0 failed) 
 2025-07-28 16:19:00,416  INFO  [extensions.webscripts.DeclarativeRegistry] [asynchronouslyRefreshedCacheThreadPool1] Registered 0 Schema Description Documents (+0 failed) 
 2025-07-28 16:19:00,505  INFO  [extensions.webscripts.DeclarativeRegistry] [main] Registered 14 Web Scripts (+0 failed), 103 URLs
 2025-07-28 16:19:00,506  INFO  [extensions.webscripts.DeclarativeRegistry] [main] Registered 0 Package Description Documents (+0 failed) 
 2025-07-28 16:19:00,506  INFO  [extensions.webscripts.DeclarativeRegistry] [main] Registered 0 Schema Description Documents (+0 failed) 
 2025-07-28 16:19:00,507  INFO  [extensions.webscripts.AbstractRuntimeContainer] [main] Initialised Public Api Web Script Container (in 819.7347ms)
 2025-07-28 16:19:00,519  INFO  [extensions.webscripts.DeclarativeRegistry] [asynchronouslyRefreshedCacheThreadPool1] Registered 14 Web Scripts (+0 failed), 103 URLs
 2025-07-28 16:19:00,519  INFO  [extensions.webscripts.DeclarativeRegistry] [asynchronouslyRefreshedCacheThreadPool1] Registered 0 Package Description Documents (+0 failed) 
 2025-07-28 16:19:00,519  INFO  [extensions.webscripts.DeclarativeRegistry] [asynchronouslyRefreshedCacheThreadPool1] Registered 0 Schema Description Documents (+0 failed) 
 2025-07-28 16:19:00,657  WARN  [scripts.servlet.X509ServletFilterBase] [main] clientAuth does not appear to be set for Tomcat. clientAuth must be set to 'want' for X509 Authentication
 2025-07-28 16:19:00,658  WARN  [scripts.servlet.X509ServletFilterBase] [main] Attempting to set clientAuth=want through JMX...
 2025-07-28 16:19:00,715  WARN  [scripts.servlet.X509ServletFilterBase] [main] Unable to set clientAuth=want through JMX.
28-Jul-2025 16:19:00.981 INFO [main] org.apache.cxf.wsdl.service.factory.ReflectionServiceFactoryBean.buildServiceFromClass Creating Service {http://webservices.impl.server.opencmis.chemistry.apache.org/}RepositoryServiceService from class org.apache.chemistry.opencmis.commons.impl.jaxb.RepositoryServicePort
28-Jul-2025 16:19:01.660 INFO [main] org.apache.cxf.endpoint.ServerImpl.initDestination Setting the server's publish address to be /RepositoryService
28-Jul-2025 16:19:01.672 INFO [main] org.apache.cxf.wsdl.service.factory.ReflectionServiceFactoryBean.buildServiceFromClass Creating Service {http://webservices.impl.server.opencmis.chemistry.apache.org/}NavigationServiceService from class org.apache.chemistry.opencmis.commons.impl.jaxb.NavigationServicePort
28-Jul-2025 16:19:01.762 INFO [main] org.apache.cxf.endpoint.ServerImpl.initDestination Setting the server's publish address to be /NavigationService
28-Jul-2025 16:19:01.765 INFO [main] org.apache.cxf.wsdl.service.factory.ReflectionServiceFactoryBean.buildServiceFromClass Creating Service {http://webservices.impl.server.opencmis.chemistry.apache.org/}ObjectServiceService from class org.apache.chemistry.opencmis.commons.impl.jaxb.ObjectServicePort
28-Jul-2025 16:19:01.851 INFO [main] org.apache.cxf.endpoint.ServerImpl.initDestination Setting the server's publish address to be /ObjectService
28-Jul-2025 16:19:01.853 INFO [main] org.apache.cxf.wsdl.service.factory.ReflectionServiceFactoryBean.buildServiceFromClass Creating Service {http://webservices.impl.server.opencmis.chemistry.apache.org/}VersioningServiceService from class org.apache.chemistry.opencmis.commons.impl.jaxb.VersioningServicePort
28-Jul-2025 16:19:01.918 INFO [main] org.apache.cxf.endpoint.ServerImpl.initDestination Setting the server's publish address to be /VersioningService
28-Jul-2025 16:19:01.920 INFO [main] org.apache.cxf.wsdl.service.factory.ReflectionServiceFactoryBean.buildServiceFromClass Creating Service {http://webservices.impl.server.opencmis.chemistry.apache.org/}RelationshipServiceService from class org.apache.chemistry.opencmis.commons.impl.jaxb.RelationshipServicePort
28-Jul-2025 16:19:01.972 INFO [main] org.apache.cxf.endpoint.ServerImpl.initDestination Setting the server's publish address to be /RelationshipService
28-Jul-2025 16:19:01.974 INFO [main] org.apache.cxf.wsdl.service.factory.ReflectionServiceFactoryBean.buildServiceFromClass Creating Service {http://webservices.impl.server.opencmis.chemistry.apache.org/}DiscoveryServiceService from class org.apache.chemistry.opencmis.commons.impl.jaxb.DiscoveryServicePort
28-Jul-2025 16:19:02.023 INFO [main] org.apache.cxf.endpoint.ServerImpl.initDestination Setting the server's publish address to be /DiscoveryService
28-Jul-2025 16:19:02.026 INFO [main] org.apache.cxf.wsdl.service.factory.ReflectionServiceFactoryBean.buildServiceFromClass Creating Service {http://webservices.impl.server.opencmis.chemistry.apache.org/}MultiFilingServiceService from class org.apache.chemistry.opencmis.commons.impl.jaxb.MultiFilingServicePort
28-Jul-2025 16:19:02.083 INFO [main] org.apache.cxf.endpoint.ServerImpl.initDestination Setting the server's publish address to be /MultiFilingService
28-Jul-2025 16:19:02.085 INFO [main] org.apache.cxf.wsdl.service.factory.ReflectionServiceFactoryBean.buildServiceFromClass Creating Service {http://webservices.impl.server.opencmis.chemistry.apache.org/}AclServiceService from class org.apache.chemistry.opencmis.commons.impl.jaxb.ACLServicePort
28-Jul-2025 16:19:02.127 INFO [main] org.apache.cxf.endpoint.ServerImpl.initDestination Setting the server's publish address to be /ACLService
28-Jul-2025 16:19:02.129 INFO [main] org.apache.cxf.wsdl.service.factory.ReflectionServiceFactoryBean.buildServiceFromClass Creating Service {http://webservices.impl.server.opencmis.chemistry.apache.org/}PolicyServiceService from class org.apache.chemistry.opencmis.commons.impl.jaxb.PolicyServicePort
28-Jul-2025 16:19:02.171 INFO [main] org.apache.cxf.endpoint.ServerImpl.initDestination Setting the server's publish address to be /PolicyService
28-Jul-2025 16:19:02.181 INFO [main] org.apache.cxf.wsdl.service.factory.ReflectionServiceFactoryBean.buildServiceFromClass Creating Service {http://webservices.impl.server.opencmis.chemistry.apache.org/}RepositoryService10Service from class org.apache.chemistry.opencmis.server.impl.webservices.RepositoryServicePort10
28-Jul-2025 16:19:02.229 INFO [main] org.apache.cxf.endpoint.ServerImpl.initDestination Setting the server's publish address to be /RepositoryService
28-Jul-2025 16:19:02.230 INFO [main] org.apache.cxf.wsdl.service.factory.ReflectionServiceFactoryBean.buildServiceFromClass Creating Service {http://webservices.impl.server.opencmis.chemistry.apache.org/}NavigationServiceService from class org.apache.chemistry.opencmis.commons.impl.jaxb.NavigationServicePort
28-Jul-2025 16:19:02.240 INFO [main] org.apache.cxf.endpoint.ServerImpl.initDestination Setting the server's publish address to be /NavigationService
28-Jul-2025 16:19:02.242 INFO [main] org.apache.cxf.wsdl.service.factory.ReflectionServiceFactoryBean.buildServiceFromClass Creating Service {http://webservices.impl.server.opencmis.chemistry.apache.org/}ObjectService10Service from class org.apache.chemistry.opencmis.server.impl.webservices.ObjectServicePort10
28-Jul-2025 16:19:02.373 INFO [main] org.apache.cxf.endpoint.ServerImpl.initDestination Setting the server's publish address to be /ObjectService
28-Jul-2025 16:19:02.374 INFO [main] org.apache.cxf.wsdl.service.factory.ReflectionServiceFactoryBean.buildServiceFromClass Creating Service {http://webservices.impl.server.opencmis.chemistry.apache.org/}VersioningServiceService from class org.apache.chemistry.opencmis.commons.impl.jaxb.VersioningServicePort
28-Jul-2025 16:19:02.386 INFO [main] org.apache.cxf.endpoint.ServerImpl.initDestination Setting the server's publish address to be /VersioningService
28-Jul-2025 16:19:02.387 INFO [main] org.apache.cxf.wsdl.service.factory.ReflectionServiceFactoryBean.buildServiceFromClass Creating Service {http://webservices.impl.server.opencmis.chemistry.apache.org/}RelationshipServiceService from class org.apache.chemistry.opencmis.commons.impl.jaxb.RelationshipServicePort
28-Jul-2025 16:19:02.395 INFO [main] org.apache.cxf.endpoint.ServerImpl.initDestination Setting the server's publish address to be /RelationshipService
28-Jul-2025 16:19:02.396 INFO [main] org.apache.cxf.wsdl.service.factory.ReflectionServiceFactoryBean.buildServiceFromClass Creating Service {http://webservices.impl.server.opencmis.chemistry.apache.org/}DiscoveryServiceService from class org.apache.chemistry.opencmis.commons.impl.jaxb.DiscoveryServicePort
28-Jul-2025 16:19:02.404 INFO [main] org.apache.cxf.endpoint.ServerImpl.initDestination Setting the server's publish address to be /DiscoveryService
28-Jul-2025 16:19:02.406 INFO [main] org.apache.cxf.wsdl.service.factory.ReflectionServiceFactoryBean.buildServiceFromClass Creating Service {http://webservices.impl.server.opencmis.chemistry.apache.org/}MultiFilingServiceService from class org.apache.chemistry.opencmis.commons.impl.jaxb.MultiFilingServicePort
28-Jul-2025 16:19:02.415 INFO [main] org.apache.cxf.endpoint.ServerImpl.initDestination Setting the server's publish address to be /MultiFilingService
28-Jul-2025 16:19:02.416 INFO [main] org.apache.cxf.wsdl.service.factory.ReflectionServiceFactoryBean.buildServiceFromClass Creating Service {http://webservices.impl.server.opencmis.chemistry.apache.org/}AclServiceService from class org.apache.chemistry.opencmis.commons.impl.jaxb.ACLServicePort
28-Jul-2025 16:19:02.424 INFO [main] org.apache.cxf.endpoint.ServerImpl.initDestination Setting the server's publish address to be /ACLService
28-Jul-2025 16:19:02.425 INFO [main] org.apache.cxf.wsdl.service.factory.ReflectionServiceFactoryBean.buildServiceFromClass Creating Service {http://webservices.impl.server.opencmis.chemistry.apache.org/}PolicyServiceService from class org.apache.chemistry.opencmis.commons.impl.jaxb.PolicyServicePort
28-Jul-2025 16:19:02.433 INFO [main] org.apache.cxf.endpoint.ServerImpl.initDestination Setting the server's publish address to be /PolicyService
28-Jul-2025 16:19:02.439 INFO [main] org.apache.catalina.startup.HostConfig.deployDirectory Deployment of web application directory [/usr/local/tomcat/webapps/alfresco] has finished in [62,611] ms
28-Jul-2025 16:19:02.439 INFO [main] org.apache.catalina.startup.HostConfig.deployDirectory Deploying web application directory [/usr/local/tomcat/webapps/api-explorer]
28-Jul-2025 16:19:02.511 INFO [main] org.apache.jasper.servlet.TldScanner.scanJars At least one JAR was scanned for TLDs yet contained no TLDs. Enable debug logging for this logger for a complete list of JARs that were scanned but no TLDs were found in them. Skipping unneeded JARs during scanning can improve startup time and JSP compilation time.
28-Jul-2025 16:19:03.026 INFO [main] org.apache.catalina.startup.HostConfig.deployDirectory Deployment of web application directory [/usr/local/tomcat/webapps/api-explorer] has finished in [587] ms
28-Jul-2025 16:19:03.026 INFO [main] org.apache.catalina.startup.HostConfig.deployDirectory Deploying web application directory [/usr/local/tomcat/webapps/ROOT]
28-Jul-2025 16:19:03.029 WARNING [main] org.apache.tomcat.util.digester.SetPropertiesRule.begin Match [Context] failed to set property [debug] to [100]
28-Jul-2025 16:19:03.085 INFO [main] org.apache.jasper.servlet.TldScanner.scanJars At least one JAR was scanned for TLDs yet contained no TLDs. Enable debug logging for this logger for a complete list of JARs that were scanned but no TLDs were found in them. Skipping unneeded JARs during scanning can improve startup time and JSP compilation time.
28-Jul-2025 16:19:03.087 INFO [main] org.apache.catalina.startup.HostConfig.deployDirectory Deployment of web application directory [/usr/local/tomcat/webapps/ROOT] has finished in [61] ms
28-Jul-2025 16:19:03.087 INFO [main] org.apache.catalina.startup.HostConfig.deployDirectory Deploying web application directory [/usr/local/tomcat/webapps/_vti_bin]
28-Jul-2025 16:19:03.189 INFO [main] org.apache.jasper.servlet.TldScanner.scanJars At least one JAR was scanned for TLDs yet contained no TLDs. Enable debug logging for this logger for a complete list of JARs that were scanned but no TLDs were found in them. Skipping unneeded JARs during scanning can improve startup time and JSP compilation time.
28-Jul-2025 16:19:03.191 INFO [main] org.apache.catalina.startup.HostConfig.deployDirectory Deployment of web application directory [/usr/local/tomcat/webapps/_vti_bin] has finished in [104] ms
28-Jul-2025 16:19:03.194 INFO [main] org.apache.coyote.AbstractProtocol.start Starting ProtocolHandler ["http-nio-8080"]
28-Jul-2025 16:19:03.207 INFO [main] org.apache.catalina.startup.Catalina.start Server startup in [63405] milliseconds
 2025-07-28 16:19:18,963  INFO  [alfresco.repo.admin] [http-nio-8080-exec-4] Using database URL 'jdbc:postgresql://cloud-platform-a066adb9989d7f7c.cdwm328dlye6.eu-west-2.rds.amazonaws.com:5432/alfresco' with user 'cpkZEn5DhQ'.
 2025-07-28 16:19:18,965  INFO  [alfresco.repo.admin] [http-nio-8080-exec-4] Connected to database PostgreSQL version 14.17
 2025-07-28 16:19:18,966  INFO  [api.probes.ProbeEntityResource] [http-nio-8080-exec-4] readyProbe: Success - Tested
 2025-07-28 16:19:19,887  INFO  [cluster.core.MembershipChangeLogger] [hz._hzInstance_1_MainRepository-2bccc9c6-7d0f-4166-8e0d-eb55fdb76616.event-4] Member left: 172.20.223.238:5701 (hostname: ip-172-20-223-238.eu-west-2.compute.internal)
 2025-07-28 16:19:19,897  INFO  [cluster.core.MembershipChangeLogger] [hz._hzInstance_1_MainRepository-2bccc9c6-7d0f-4166-8e0d-eb55fdb76616.event-4] Current cluster members:
  172.20.212.38:5701 (hostname: ip-172-20-212-38.eu-west-2.compute.internal)
  172.20.181.193:5701 (hostname: alfresco-content-services-alfresco-repository-6c4f79c4c4-vk5dx)

 2025-07-28 16:19:48,927  INFO  [alfresco.repo.admin] [http-nio-8080-exec-6] Using database URL 'jdbc:postgresql://cloud-platform-a066adb9989d7f7c.cdwm328dlye6.eu-west-2.rds.amazonaws.com:5432/alfresco' with user 'cpkZEn5DhQ'.
 2025-07-28 16:19:48,929  INFO  [alfresco.repo.admin] [http-nio-8080-exec-6] Connected to database PostgreSQL version 14.17
 2025-07-28 16:19:48,929  INFO  [api.probes.ProbeEntityResource] [http-nio-8080-exec-6] readyProbe: Success - Tested
 2025-07-28 16:20:08,899  INFO  [alfresco.repo.admin] [http-nio-8080-exec-7] Using database URL 'jdbc:postgresql://cloud-platform-a066adb9989d7f7c.cdwm328dlye6.eu-west-2.rds.amazonaws.com:5432/alfresco' with user 'cpkZEn5DhQ'.
 2025-07-28 16:20:08,901  INFO  [alfresco.repo.admin] [http-nio-8080-exec-7] Connected to database PostgreSQL version 14.17
 2025-07-28 16:20:08,901  INFO  [api.probes.ProbeEntityResource] [http-nio-8080-exec-7] readyProbe: Success - Tested
 2025-07-28 16:20:28,898  INFO  [alfresco.repo.admin] [http-nio-8080-exec-8] Using database URL 'jdbc:postgresql://cloud-platform-a066adb9989d7f7c.cdwm328dlye6.eu-west-2.rds.amazonaws.com:5432/alfresco' with user 'cpkZEn5DhQ'.
 2025-07-28 16:20:28,900  INFO  [alfresco.repo.admin] [http-nio-8080-exec-8] Connected to database PostgreSQL version 14.17
 2025-07-28 16:20:28,900  INFO  [api.probes.ProbeEntityResource] [http-nio-8080-exec-8] readyProbe: Success - Tested
 2025-07-28 16:20:40,670  INFO  [spg.webscript.SearchTextPost] [http-nio-8080-exec-9] CRN : A000102 | Request sent Query : Butterflyfish281702
 2025-07-28 16:20:40,674  INFO  [spg.webscript.SearchTextPost] [http-nio-8080-exec-9] Sanitised Query : Butterflyfish281702
 2025-07-28 16:20:40,698  INFO  [management.subsystems.ChildApplicationContextFactory] [http-nio-8080-exec-9] Starting 'Search' subsystem, ID: [Search, managed, elasticsearch]
 2025-07-28 16:20:41,069  INFO  [management.subsystems.ChildApplicationContextFactory] [http-nio-8080-exec-9] Startup of 'Search' subsystem, ID: [Search, managed, elasticsearch] complete
 2025-07-28 16:20:41,483  INFO  [spg.webscript.SearchTextPost] [http-nio-8080-exec-9] No of documents found : 0
 2025-07-28 16:20:44,935  INFO  [elasticsearch.contentmodelsync.ContentModelSynchronizer] [elasticsearch-initializer] Successfully loaded analysers.
 2025-07-28 16:20:44,972  INFO  [elasticsearch.contentmodelsync.ElasticsearchInitialiser] [elasticsearch-initializer] Successfully connected to Elasticsearch index.
 2025-07-28 16:20:47,506  INFO  [spg.webscript.UploadNewPost] [http-nio-8080-exec-10] CRN : A000102 | Entity ID  : 1234 | Doc Type : DOCUMENT | Entity Type : OFFENDER | File name : DB25Jul281703.docx | File name Modified : DB25Jul281703-1.docx | Author : ted,smith |  Document ID : cdf26a75-0cf9-4a1f-bb11-9226c072910a | 
 2025-07-28 16:20:48,926  INFO  [alfresco.repo.admin] [http-nio-8080-exec-2] Using database URL 'jdbc:postgresql://cloud-platform-a066adb9989d7f7c.cdwm328dlye6.eu-west-2.rds.amazonaws.com:5432/alfresco' with user 'cpkZEn5DhQ'.
 2025-07-28 16:20:48,928  INFO  [alfresco.repo.admin] [http-nio-8080-exec-2] Connected to database PostgreSQL version 14.17
 2025-07-28 16:20:48,928  INFO  [api.probes.ProbeEntityResource] [http-nio-8080-exec-2] readyProbe: Success - Tested
 2025-07-28 16:20:49,013  INFO  [cluster.core.MembershipChangeLogger] [hz._hzInstance_1_MainRepository-2bccc9c6-7d0f-4166-8e0d-eb55fdb76616.event-4] Member joined: 172.20.202.100:5701 (hostname: ip-172-20-202-100.eu-west-2.compute.internal)
 2025-07-28 16:20:49,020  INFO  [cluster.core.MembershipChangeLogger] [hz._hzInstance_1_MainRepository-2bccc9c6-7d0f-4166-8e0d-eb55fdb76616.event-4] Current cluster members:
  172.20.212.38:5701 (hostname: ip-172-20-212-38.eu-west-2.compute.internal)
  172.20.181.193:5701 (hostname: alfresco-content-services-alfresco-repository-6c4f79c4c4-vk5dx)
  172.20.202.100:5701 (hostname: ip-172-20-202-100.eu-west-2.compute.internal)

 2025-07-28 16:21:06,522  INFO  [extensions.webscripts.DeclarativeRegistry] [asynchronouslyRefreshedCacheThreadPool1] Registered 519 Web Scripts (+0 failed), 674 URLs
 2025-07-28 16:21:06,522  INFO  [extensions.webscripts.DeclarativeRegistry] [asynchronouslyRefreshedCacheThreadPool1] Registered 1 Package Description Documents (+0 failed) 
 2025-07-28 16:21:06,522  INFO  [extensions.webscripts.DeclarativeRegistry] [asynchronouslyRefreshedCacheThreadPool1] Registered 0 Schema Description Documents (+0 failed) 
 2025-07-28 16:21:06,551  INFO  [extensions.webscripts.DeclarativeRegistry] [asynchronouslyRefreshedCacheThreadPool1] Registered 14 Web Scripts (+0 failed), 103 URLs
 2025-07-28 16:21:06,551  INFO  [extensions.webscripts.DeclarativeRegistry] [asynchronouslyRefreshedCacheThreadPool1] Registered 0 Package Description Documents (+0 failed) 
 2025-07-28 16:21:06,551  INFO  [extensions.webscripts.DeclarativeRegistry] [asynchronouslyRefreshedCacheThreadPool1] Registered 0 Schema Description Documents (+0 failed) 
 2025-07-28 16:21:08,931  INFO  [alfresco.repo.admin] [http-nio-8080-exec-5] Using database URL 'jdbc:postgresql://cloud-platform-a066adb9989d7f7c.cdwm328dlye6.eu-west-2.rds.amazonaws.com:5432/alfresco' with user 'cpkZEn5DhQ'.
 2025-07-28 16:21:08,932  INFO  [alfresco.repo.admin] [http-nio-8080-exec-5] Connected to database PostgreSQL version 14.17
 2025-07-28 16:21:08,932  INFO  [api.probes.ProbeEntityResource] [http-nio-8080-exec-5] readyProbe: Success - Tested
 2025-07-28 16:21:20,646  INFO  [cluster.core.MembershipChangeLogger] [hz._hzInstance_1_MainRepository-2bccc9c6-7d0f-4166-8e0d-eb55fdb76616.event-4] Member left: 172.20.212.38:5701 (hostname: ip-172-20-212-38.eu-west-2.compute.internal)
 2025-07-28 16:21:20,648  INFO  [cluster.core.MembershipChangeLogger] [hz._hzInstance_1_MainRepository-2bccc9c6-7d0f-4166-8e0d-eb55fdb76616.event-4] Current cluster members:
  172.20.181.193:5701 (hostname: alfresco-content-services-alfresco-repository-6c4f79c4c4-vk5dx)
  172.20.202.100:5701 (hostname: ip-172-20-202-100.eu-west-2.compute.internal)

 2025-07-28 16:21:28,925  INFO  [alfresco.repo.admin] [http-nio-8080-exec-6] Using database URL 'jdbc:postgresql://cloud-platform-a066adb9989d7f7c.cdwm328dlye6.eu-west-2.rds.amazonaws.com:5432/alfresco' with user 'cpkZEn5DhQ'.
 2025-07-28 16:21:28,926  INFO  [alfresco.repo.admin] [http-nio-8080-exec-6] Connected to database PostgreSQL version 14.17
 2025-07-28 16:21:28,927  INFO  [api.probes.ProbeEntityResource] [http-nio-8080-exec-6] readyProbe: Success - Tested
 2025-07-28 16:21:48,899  INFO  [alfresco.repo.admin] [http-nio-8080-exec-9] Using database URL 'jdbc:postgresql://cloud-platform-a066adb9989d7f7c.cdwm328dlye6.eu-west-2.rds.amazonaws.com:5432/alfresco' with user 'cpkZEn5DhQ'.
 2025-07-28 16:21:48,900  INFO  [alfresco.repo.admin] [http-nio-8080-exec-9] Connected to database PostgreSQL version 14.17
 2025-07-28 16:21:48,900  INFO  [api.probes.ProbeEntityResource] [http-nio-8080-exec-9] readyProbe: Success - Tested
 2025-07-28 16:22:08,898  INFO  [alfresco.repo.admin] [http-nio-8080-exec-10] Using database URL 'jdbc:postgresql://cloud-platform-a066adb9989d7f7c.cdwm328dlye6.eu-west-2.rds.amazonaws.com:5432/alfresco' with user 'cpkZEn5DhQ'.
 2025-07-28 16:22:08,899  INFO  [alfresco.repo.admin] [http-nio-8080-exec-10] Connected to database PostgreSQL version 14.17
 2025-07-28 16:22:08,899  INFO  [api.probes.ProbeEntityResource] [http-nio-8080-exec-10] readyProbe: Success - Tested
 2025-07-28 16:22:28,898  INFO  [alfresco.repo.admin] [http-nio-8080-exec-2] Using database URL 'jdbc:postgresql://cloud-platform-a066adb9989d7f7c.cdwm328dlye6.eu-west-2.rds.amazonaws.com:5432/alfresco' with user 'cpkZEn5DhQ'.
 2025-07-28 16:22:28,900  INFO  [alfresco.repo.admin] [http-nio-8080-exec-2] Connected to database PostgreSQL version 14.17
 2025-07-28 16:22:28,900  INFO  [api.probes.ProbeEntityResource] [http-nio-8080-exec-2] readyProbe: Success - Tested
 2025-07-28 16:22:48,898  INFO  [alfresco.repo.admin] [http-nio-8080-exec-4] Using database URL 'jdbc:postgresql://cloud-platform-a066adb9989d7f7c.cdwm328dlye6.eu-west-2.rds.amazonaws.com:5432/alfresco' with user 'cpkZEn5DhQ'.
 2025-07-28 16:22:48,900  INFO  [alfresco.repo.admin] [http-nio-8080-exec-4] Connected to database PostgreSQL version 14.17
 2025-07-28 16:22:48,900  INFO  [api.probes.ProbeEntityResource] [http-nio-8080-exec-4] readyProbe: Success - Tested
 2025-07-28 16:23:08,898  INFO  [alfresco.repo.admin] [http-nio-8080-exec-6] Using database URL 'jdbc:postgresql://cloud-platform-a066adb9989d7f7c.cdwm328dlye6.eu-west-2.rds.amazonaws.com:5432/alfresco' with user 'cpkZEn5DhQ'.
 2025-07-28 16:23:08,899  INFO  [alfresco.repo.admin] [http-nio-8080-exec-6] Connected to database PostgreSQL version 14.17
 2025-07-28 16:23:08,899  INFO  [api.probes.ProbeEntityResource] [http-nio-8080-exec-6] readyProbe: Success - Tested
 2025-07-28 16:23:28,898  INFO  [alfresco.repo.admin] [http-nio-8080-exec-8] Using database URL 'jdbc:postgresql://cloud-platform-a066adb9989d7f7c.cdwm328dlye6.eu-west-2.rds.amazonaws.com:5432/alfresco' with user 'cpkZEn5DhQ'.
 2025-07-28 16:23:28,900  INFO  [alfresco.repo.admin] [http-nio-8080-exec-8] Connected to database PostgreSQL version 14.17
 2025-07-28 16:23:28,900  INFO  [api.probes.ProbeEntityResource] [http-nio-8080-exec-8] readyProbe: Success - Tested
 2025-07-28 16:23:40,344  WARN  [alfresco.cache.propertyValueTransactionalCache] [hz._hzInstance_1_MainRepository-2bccc9c6-7d0f-4166-8e0d-eb55fdb76616.cached.thread-2] Transactional update cache 'org.alfresco.cache.propertyValueTransactionalCache' is full (1000).
 2025-07-28 16:23:48,913  INFO  [alfresco.repo.admin] [http-nio-8080-exec-1] Using database URL 'jdbc:postgresql://cloud-platform-a066adb9989d7f7c.cdwm328dlye6.eu-west-2.rds.amazonaws.com:5432/alfresco' with user 'cpkZEn5DhQ'.
 2025-07-28 16:23:48,915  INFO  [alfresco.repo.admin] [http-nio-8080-exec-1] Connected to database PostgreSQL version 14.17
 2025-07-28 16:23:48,915  INFO  [api.probes.ProbeEntityResource] [http-nio-8080-exec-1] readyProbe: Success - Tested
 2025-07-28 16:24:08,898  INFO  [alfresco.repo.admin] [http-nio-8080-exec-2] Using database URL 'jdbc:postgresql://cloud-platform-a066adb9989d7f7c.cdwm328dlye6.eu-west-2.rds.amazonaws.com:5432/alfresco' with user 'cpkZEn5DhQ'.
 2025-07-28 16:24:08,899  INFO  [alfresco.repo.admin] [http-nio-8080-exec-2] Connected to database PostgreSQL version 14.17
 2025-07-28 16:24:08,900  INFO  [api.probes.ProbeEntityResource] [http-nio-8080-exec-2] readyProbe: Success - Tested
 2025-07-28 16:24:28,898  INFO  [alfresco.repo.admin] [http-nio-8080-exec-5] Using database URL 'jdbc:postgresql://cloud-platform-a066adb9989d7f7c.cdwm328dlye6.eu-west-2.rds.amazonaws.com:5432/alfresco' with user 'cpkZEn5DhQ'.
 2025-07-28 16:24:28,900  INFO  [alfresco.repo.admin] [http-nio-8080-exec-5] Connected to database PostgreSQL version 14.17
 2025-07-28 16:24:28,900  INFO  [api.probes.ProbeEntityResource] [http-nio-8080-exec-5] readyProbe: Success - Tested
 2025-07-28 16:24:48,897  INFO  [alfresco.repo.admin] [http-nio-8080-exec-6] Using database URL 'jdbc:postgresql://cloud-platform-a066adb9989d7f7c.cdwm328dlye6.eu-west-2.rds.amazonaws.com:5432/alfresco' with user 'cpkZEn5DhQ'.
 2025-07-28 16:24:48,899  INFO  [alfresco.repo.admin] [http-nio-8080-exec-6] Connected to database PostgreSQL version 14.17
 2025-07-28 16:24:48,899  INFO  [api.probes.ProbeEntityResource] [http-nio-8080-exec-6] readyProbe: Success - Tested
 2025-07-28 16:25:08,898  INFO  [alfresco.repo.admin] [http-nio-8080-exec-9] Using database URL 'jdbc:postgresql://cloud-platform-a066adb9989d7f7c.cdwm328dlye6.eu-west-2.rds.amazonaws.com:5432/alfresco' with user 'cpkZEn5DhQ'.
 2025-07-28 16:25:08,900  INFO  [alfresco.repo.admin] [http-nio-8080-exec-9] Connected to database PostgreSQL version 14.17
 2025-07-28 16:25:08,900  INFO  [api.probes.ProbeEntityResource] [http-nio-8080-exec-9] readyProbe: Success - Tested
 2025-07-28 16:25:28,898  INFO  [alfresco.repo.admin] [http-nio-8080-exec-1] Using database URL 'jdbc:postgresql://cloud-platform-a066adb9989d7f7c.cdwm328dlye6.eu-west-2.rds.amazonaws.com:5432/alfresco' with user 'cpkZEn5DhQ'.
 2025-07-28 16:25:28,899  INFO  [alfresco.repo.admin] [http-nio-8080-exec-1] Connected to database PostgreSQL version 14.17
 2025-07-28 16:25:28,900  INFO  [api.probes.ProbeEntityResource] [http-nio-8080-exec-1] readyProbe: Success - Tested
 2025-07-28 16:25:48,898  INFO  [alfresco.repo.admin] [http-nio-8080-exec-2] Using database URL 'jdbc:postgresql://cloud-platform-a066adb9989d7f7c.cdwm328dlye6.eu-west-2.rds.amazonaws.com:5432/alfresco' with user 'cpkZEn5DhQ'.
 2025-07-28 16:25:48,900  INFO  [alfresco.repo.admin] [http-nio-8080-exec-2] Connected to database PostgreSQL version 14.17
 2025-07-28 16:25:48,900  INFO  [api.probes.ProbeEntityResource] [http-nio-8080-exec-2] readyProbe: Success - Tested
 2025-07-28 16:26:08,898  INFO  [alfresco.repo.admin] [http-nio-8080-exec-5] Using database URL 'jdbc:postgresql://cloud-platform-a066adb9989d7f7c.cdwm328dlye6.eu-west-2.rds.amazonaws.com:5432/alfresco' with user 'cpkZEn5DhQ'.
 2025-07-28 16:26:08,900  INFO  [alfresco.repo.admin] [http-nio-8080-exec-5] Connected to database PostgreSQL version 14.17
 2025-07-28 16:26:08,900  INFO  [api.probes.ProbeEntityResource] [http-nio-8080-exec-5] readyProbe: Success - Tested
 2025-07-28 16:26:28,898  INFO  [alfresco.repo.admin] [http-nio-8080-exec-7] Using database URL 'jdbc:postgresql://cloud-platform-a066adb9989d7f7c.cdwm328dlye6.eu-west-2.rds.amazonaws.com:5432/alfresco' with user 'cpkZEn5DhQ'.
 2025-07-28 16:26:28,900  INFO  [alfresco.repo.admin] [http-nio-8080-exec-7] Connected to database PostgreSQL version 14.17
 2025-07-28 16:26:28,900  INFO  [api.probes.ProbeEntityResource] [http-nio-8080-exec-7] readyProbe: Success - Tested
 2025-07-28 16:26:48,898  INFO  [alfresco.repo.admin] [http-nio-8080-exec-9] Using database URL 'jdbc:postgresql://cloud-platform-a066adb9989d7f7c.cdwm328dlye6.eu-west-2.rds.amazonaws.com:5432/alfresco' with user 'cpkZEn5DhQ'.
 2025-07-28 16:26:48,899  INFO  [alfresco.repo.admin] [http-nio-8080-exec-9] Connected to database PostgreSQL version 14.17
 2025-07-28 16:26:48,900  INFO  [api.probes.ProbeEntityResource] [http-nio-8080-exec-9] readyProbe: Success - Tested
 2025-07-28 16:27:08,898  INFO  [alfresco.repo.admin] [http-nio-8080-exec-1] Using database URL 'jdbc:postgresql://cloud-platform-a066adb9989d7f7c.cdwm328dlye6.eu-west-2.rds.amazonaws.com:5432/alfresco' with user 'cpkZEn5DhQ'.
 2025-07-28 16:27:08,899  INFO  [alfresco.repo.admin] [http-nio-8080-exec-1] Connected to database PostgreSQL version 14.17
 2025-07-28 16:27:08,899  INFO  [api.probes.ProbeEntityResource] [http-nio-8080-exec-1] readyProbe: Success - Tested
 2025-07-28 16:27:28,898  INFO  [alfresco.repo.admin] [http-nio-8080-exec-2] Using database URL 'jdbc:postgresql://cloud-platform-a066adb9989d7f7c.cdwm328dlye6.eu-west-2.rds.amazonaws.com:5432/alfresco' with user 'cpkZEn5DhQ'.
 2025-07-28 16:27:28,899  INFO  [alfresco.repo.admin] [http-nio-8080-exec-2] Connected to database PostgreSQL version 14.17
 2025-07-28 16:27:28,900  INFO  [api.probes.ProbeEntityResource] [http-nio-8080-exec-2] readyProbe: Success - Tested
 2025-07-28 16:27:48,898  INFO  [alfresco.repo.admin] [http-nio-8080-exec-5] Using database URL 'jdbc:postgresql://cloud-platform-a066adb9989d7f7c.cdwm328dlye6.eu-west-2.rds.amazonaws.com:5432/alfresco' with user 'cpkZEn5DhQ'.
 2025-07-28 16:27:48,900  INFO  [alfresco.repo.admin] [http-nio-8080-exec-5] Connected to database PostgreSQL version 14.17
 2025-07-28 16:27:48,900  INFO  [api.probes.ProbeEntityResource] [http-nio-8080-exec-5] readyProbe: Success - Tested
 2025-07-28 16:28:08,898  INFO  [alfresco.repo.admin] [http-nio-8080-exec-7] Using database URL 'jdbc:postgresql://cloud-platform-a066adb9989d7f7c.cdwm328dlye6.eu-west-2.rds.amazonaws.com:5432/alfresco' with user 'cpkZEn5DhQ'.
 2025-07-28 16:28:08,900  INFO  [alfresco.repo.admin] [http-nio-8080-exec-7] Connected to database PostgreSQL version 14.17
 2025-07-28 16:28:08,900  INFO  [api.probes.ProbeEntityResource] [http-nio-8080-exec-7] readyProbe: Success - Tested
 2025-07-28 16:28:28,898  INFO  [alfresco.repo.admin] [http-nio-8080-exec-9] Using database URL 'jdbc:postgresql://cloud-platform-a066adb9989d7f7c.cdwm328dlye6.eu-west-2.rds.amazonaws.com:5432/alfresco' with user 'cpkZEn5DhQ'.
 2025-07-28 16:28:28,900  INFO  [alfresco.repo.admin] [http-nio-8080-exec-9] Connected to database PostgreSQL version 14.17
 2025-07-28 16:28:28,900  INFO  [api.probes.ProbeEntityResource] [http-nio-8080-exec-9] readyProbe: Success - Tested
 2025-07-28 16:28:48,898  INFO  [alfresco.repo.admin] [http-nio-8080-exec-10] Using database URL 'jdbc:postgresql://cloud-platform-a066adb9989d7f7c.cdwm328dlye6.eu-west-2.rds.amazonaws.com:5432/alfresco' with user 'cpkZEn5DhQ'.
 2025-07-28 16:28:48,899  INFO  [alfresco.repo.admin] [http-nio-8080-exec-10] Connected to database PostgreSQL version 14.17
 2025-07-28 16:28:48,899  INFO  [api.probes.ProbeEntityResource] [http-nio-8080-exec-10] readyProbe: Success - Tested
 2025-07-28 16:29:08,915  INFO  [alfresco.repo.admin] [http-nio-8080-exec-2] Using database URL 'jdbc:postgresql://cloud-platform-a066adb9989d7f7c.cdwm328dlye6.eu-west-2.rds.amazonaws.com:5432/alfresco' with user 'cpkZEn5DhQ'.
 2025-07-28 16:29:08,916  INFO  [alfresco.repo.admin] [http-nio-8080-exec-2] Connected to database PostgreSQL version 14.17
 2025-07-28 16:29:08,916  INFO  [api.probes.ProbeEntityResource] [http-nio-8080-exec-2] readyProbe: Success - Tested
 2025-07-28 16:29:28,898  INFO  [alfresco.repo.admin] [http-nio-8080-exec-4] Using database URL 'jdbc:postgresql://cloud-platform-a066adb9989d7f7c.cdwm328dlye6.eu-west-2.rds.amazonaws.com:5432/alfresco' with user 'cpkZEn5DhQ'.
 2025-07-28 16:29:28,900  INFO  [alfresco.repo.admin] [http-nio-8080-exec-4] Connected to database PostgreSQL version 14.17
 2025-07-28 16:29:28,900  INFO  [api.probes.ProbeEntityResource] [http-nio-8080-exec-4] readyProbe: Success - Tested
 2025-07-28 16:29:48,898  INFO  [alfresco.repo.admin] [http-nio-8080-exec-7] Using database URL 'jdbc:postgresql://cloud-platform-a066adb9989d7f7c.cdwm328dlye6.eu-west-2.rds.amazonaws.com:5432/alfresco' with user 'cpkZEn5DhQ'.
 2025-07-28 16:29:48,899  INFO  [alfresco.repo.admin] [http-nio-8080-exec-7] Connected to database PostgreSQL version 14.17
 2025-07-28 16:29:48,900  INFO  [api.probes.ProbeEntityResource] [http-nio-8080-exec-7] readyProbe: Success - Tested
 2025-07-28 16:30:08,897  INFO  [alfresco.repo.admin] [http-nio-8080-exec-9] Using database URL 'jdbc:postgresql://cloud-platform-a066adb9989d7f7c.cdwm328dlye6.eu-west-2.rds.amazonaws.com:5432/alfresco' with user 'cpkZEn5DhQ'.
 2025-07-28 16:30:08,899  INFO  [alfresco.repo.admin] [http-nio-8080-exec-9] Connected to database PostgreSQL version 14.17
 2025-07-28 16:30:08,899  INFO  [api.probes.ProbeEntityResource] [http-nio-8080-exec-9] readyProbe: Success - Tested
 2025-07-28 16:30:28,898  INFO  [alfresco.repo.admin] [http-nio-8080-exec-10] Using database URL 'jdbc:postgresql://cloud-platform-a066adb9989d7f7c.cdwm328dlye6.eu-west-2.rds.amazonaws.com:5432/alfresco' with user 'cpkZEn5DhQ'.
 2025-07-28 16:30:28,899  INFO  [alfresco.repo.admin] [http-nio-8080-exec-10] Connected to database PostgreSQL version 14.17
 2025-07-28 16:30:28,899  INFO  [api.probes.ProbeEntityResource] [http-nio-8080-exec-10] readyProbe: Success - Tested
 2025-07-28 16:30:48,898  INFO  [alfresco.repo.admin] [http-nio-8080-exec-3] Using database URL 'jdbc:postgresql://cloud-platform-a066adb9989d7f7c.cdwm328dlye6.eu-west-2.rds.amazonaws.com:5432/alfresco' with user 'cpkZEn5DhQ'.
 2025-07-28 16:30:48,900  INFO  [alfresco.repo.admin] [http-nio-8080-exec-3] Connected to database PostgreSQL version 14.17
 2025-07-28 16:30:48,900  INFO  [api.probes.ProbeEntityResource] [http-nio-8080-exec-3] readyProbe: Success - Tested
 2025-07-28 16:31:08,898  INFO  [alfresco.repo.admin] [http-nio-8080-exec-4] Using database URL 'jdbc:postgresql://cloud-platform-a066adb9989d7f7c.cdwm328dlye6.eu-west-2.rds.amazonaws.com:5432/alfresco' with user 'cpkZEn5DhQ'.
 2025-07-28 16:31:08,900  INFO  [alfresco.repo.admin] [http-nio-8080-exec-4] Connected to database PostgreSQL version 14.17
 2025-07-28 16:31:08,900  INFO  [api.probes.ProbeEntityResource] [http-nio-8080-exec-4] readyProbe: Success - Tested
 2025-07-28 16:31:28,898  INFO  [alfresco.repo.admin] [http-nio-8080-exec-6] Using database URL 'jdbc:postgresql://cloud-platform-a066adb9989d7f7c.cdwm328dlye6.eu-west-2.rds.amazonaws.com:5432/alfresco' with user 'cpkZEn5DhQ'.
 2025-07-28 16:31:28,899  INFO  [alfresco.repo.admin] [http-nio-8080-exec-6] Connected to database PostgreSQL version 14.17
 2025-07-28 16:31:28,900  INFO  [api.probes.ProbeEntityResource] [http-nio-8080-exec-6] readyProbe: Success - Tested
 2025-07-28 16:31:40,203  WARN  [alfresco.cache.propertyValueTransactionalCache] [hz._hzInstance_1_MainRepository-2bccc9c6-7d0f-4166-8e0d-eb55fdb76616.cached.thread-18] Transactional update cache 'org.alfresco.cache.propertyValueTransactionalCache' is full (1000).
 2025-07-28 16:31:43,335  INFO  [spg.webscript.UploadNewPost] [http-nio-8080-exec-8] CRN : A000102 | Entity ID  : 1234 | Doc Type : DOCUMENT | Entity Type : OFFENDER | File name : DB25Jul281731.docx | File name Modified : DB25Jul281731.docx | Author : ted,smith |  Document ID : eb0e88ae-76da-4ed5-b06e-84651678b384 | 
 2025-07-28 16:31:43,489  INFO  [management.subsystems.ChildApplicationContextFactory] [pool-7-thread-1] Starting 'Transformers' subsystem, ID: [Transformers, default]
 2025-07-28 16:31:43,520  INFO  [management.subsystems.ChildApplicationContextFactory] [pool-7-thread-1] Startup of 'Transformers' subsystem, ID: [Transformers, default] complete
 2025-07-28 16:31:48,914  INFO  [alfresco.repo.admin] [http-nio-8080-exec-1] Using database URL 'jdbc:postgresql://cloud-platform-a066adb9989d7f7c.cdwm328dlye6.eu-west-2.rds.amazonaws.com:5432/alfresco' with user 'cpkZEn5DhQ'.
 2025-07-28 16:31:48,915  INFO  [alfresco.repo.admin] [http-nio-8080-exec-1] Connected to database PostgreSQL version 14.17
 2025-07-28 16:31:48,915  INFO  [api.probes.ProbeEntityResource] [http-nio-8080-exec-1] readyProbe: Success - Tested
 2025-07-28 16:31:57,180  INFO  [spg.webscript.SearchTextPost] [http-nio-8080-exec-10] CRN : A000102 | Request sent Query : Butterflyfish281702
 2025-07-28 16:31:57,184  INFO  [spg.webscript.SearchTextPost] [http-nio-8080-exec-10] Sanitised Query : Butterflyfish281702
 2025-07-28 16:31:57,397  INFO  [spg.webscript.SearchTextPost] [http-nio-8080-exec-10] No of documents found : 0
 2025-07-28 16:32:08,860  INFO  [spg.webscript.SearchTextPost] [http-nio-8080-exec-2] CRN : A000102 | Request sent Query : Butterflyfish281731
 2025-07-28 16:32:08,861  INFO  [spg.webscript.SearchTextPost] [http-nio-8080-exec-2] Sanitised Query : Butterflyfish281731
 2025-07-28 16:32:08,898  INFO  [alfresco.repo.admin] [http-nio-8080-exec-5] Using database URL 'jdbc:postgresql://cloud-platform-a066adb9989d7f7c.cdwm328dlye6.eu-west-2.rds.amazonaws.com:5432/alfresco' with user 'cpkZEn5DhQ'.
 2025-07-28 16:32:08,899  INFO  [alfresco.repo.admin] [http-nio-8080-exec-5] Connected to database PostgreSQL version 14.17
 2025-07-28 16:32:08,900  INFO  [api.probes.ProbeEntityResource] [http-nio-8080-exec-5] readyProbe: Success - Tested
 2025-07-28 16:32:09,115  INFO  [spg.webscript.SearchTextPost] [http-nio-8080-exec-2] No of documents found : 1
 2025-07-28 16:32:28,898  INFO  [alfresco.repo.admin] [http-nio-8080-exec-4] Using database URL 'jdbc:postgresql://cloud-platform-a066adb9989d7f7c.cdwm328dlye6.eu-west-2.rds.amazonaws.com:5432/alfresco' with user 'cpkZEn5DhQ'.
 2025-07-28 16:32:28,900  INFO  [alfresco.repo.admin] [http-nio-8080-exec-4] Connected to database PostgreSQL version 14.17
 2025-07-28 16:32:28,900  INFO  [api.probes.ProbeEntityResource] [http-nio-8080-exec-4] readyProbe: Success - Tested
 2025-07-28 16:32:48,898  INFO  [alfresco.repo.admin] [http-nio-8080-exec-8] Using database URL 'jdbc:postgresql://cloud-platform-a066adb9989d7f7c.cdwm328dlye6.eu-west-2.rds.amazonaws.com:5432/alfresco' with user 'cpkZEn5DhQ'.
 2025-07-28 16:32:48,899  INFO  [alfresco.repo.admin] [http-nio-8080-exec-8] Connected to database PostgreSQL version 14.17
 2025-07-28 16:32:48,899  INFO  [api.probes.ProbeEntityResource] [http-nio-8080-exec-8] readyProbe: Success - Tested
 2025-07-28 16:33:08,898  INFO  [alfresco.repo.admin] [http-nio-8080-exec-1] Using database URL 'jdbc:postgresql://cloud-platform-a066adb9989d7f7c.cdwm328dlye6.eu-west-2.rds.amazonaws.com:5432/alfresco' with user 'cpkZEn5DhQ'.
 2025-07-28 16:33:08,899  INFO  [alfresco.repo.admin] [http-nio-8080-exec-1] Connected to database PostgreSQL version 14.17
 2025-07-28 16:33:08,899  INFO  [api.probes.ProbeEntityResource] [http-nio-8080-exec-1] readyProbe: Success - Tested
 2025-07-28 16:33:28,898  INFO  [alfresco.repo.admin] [http-nio-8080-exec-5] Using database URL 'jdbc:postgresql://cloud-platform-a066adb9989d7f7c.cdwm328dlye6.eu-west-2.rds.amazonaws.com:5432/alfresco' with user 'cpkZEn5DhQ'.
 2025-07-28 16:33:28,900  INFO  [alfresco.repo.admin] [http-nio-8080-exec-5] Connected to database PostgreSQL version 14.17
 2025-07-28 16:33:28,900  INFO  [api.probes.ProbeEntityResource] [http-nio-8080-exec-5] readyProbe: Success - Tested
 2025-07-28 16:33:48,898  INFO  [alfresco.repo.admin] [http-nio-8080-exec-7] Using database URL 'jdbc:postgresql://cloud-platform-a066adb9989d7f7c.cdwm328dlye6.eu-west-2.rds.amazonaws.com:5432/alfresco' with user 'cpkZEn5DhQ'.
 2025-07-28 16:33:48,899  INFO  [alfresco.repo.admin] [http-nio-8080-exec-7] Connected to database PostgreSQL version 14.17
 2025-07-28 16:33:48,899  INFO  [api.probes.ProbeEntityResource] [http-nio-8080-exec-7] readyProbe: Success - Tested
 2025-07-28 16:34:08,898  INFO  [alfresco.repo.admin] [http-nio-8080-exec-4] Using database URL 'jdbc:postgresql://cloud-platform-a066adb9989d7f7c.cdwm328dlye6.eu-west-2.rds.amazonaws.com:5432/alfresco' with user 'cpkZEn5DhQ'.
 2025-07-28 16:34:08,899  INFO  [alfresco.repo.admin] [http-nio-8080-exec-4] Connected to database PostgreSQL version 14.17
 2025-07-28 16:34:08,899  INFO  [api.probes.ProbeEntityResource] [http-nio-8080-exec-4] readyProbe: Success - Tested
 2025-07-28 16:34:28,898  INFO  [alfresco.repo.admin] [http-nio-8080-exec-8] Using database URL 'jdbc:postgresql://cloud-platform-a066adb9989d7f7c.cdwm328dlye6.eu-west-2.rds.amazonaws.com:5432/alfresco' with user 'cpkZEn5DhQ'.
 2025-07-28 16:34:28,900  INFO  [alfresco.repo.admin] [http-nio-8080-exec-8] Connected to database PostgreSQL version 14.17
 2025-07-28 16:34:28,900  INFO  [api.probes.ProbeEntityResource] [http-nio-8080-exec-8] readyProbe: Success - Tested
 2025-07-28 16:34:48,898  INFO  [alfresco.repo.admin] [http-nio-8080-exec-1] Using database URL 'jdbc:postgresql://cloud-platform-a066adb9989d7f7c.cdwm328dlye6.eu-west-2.rds.amazonaws.com:5432/alfresco' with user 'cpkZEn5DhQ'.
 2025-07-28 16:34:48,900  INFO  [alfresco.repo.admin] [http-nio-8080-exec-1] Connected to database PostgreSQL version 14.17
 2025-07-28 16:34:48,900  INFO  [api.probes.ProbeEntityResource] [http-nio-8080-exec-1] readyProbe: Success - Tested
 2025-07-28 16:35:08,899  INFO  [alfresco.repo.admin] [http-nio-8080-exec-3] Using database URL 'jdbc:postgresql://cloud-platform-a066adb9989d7f7c.cdwm328dlye6.eu-west-2.rds.amazonaws.com:5432/alfresco' with user 'cpkZEn5DhQ'.
 2025-07-28 16:35:08,900  INFO  [alfresco.repo.admin] [http-nio-8080-exec-3] Connected to database PostgreSQL version 14.17
 2025-07-28 16:35:08,900  INFO  [api.probes.ProbeEntityResource] [http-nio-8080-exec-3] readyProbe: Success - Tested
 2025-07-28 16:35:28,898  INFO  [alfresco.repo.admin] [http-nio-8080-exec-7] Using database URL 'jdbc:postgresql://cloud-platform-a066adb9989d7f7c.cdwm328dlye6.eu-west-2.rds.amazonaws.com:5432/alfresco' with user 'cpkZEn5DhQ'.
 2025-07-28 16:35:28,899  INFO  [alfresco.repo.admin] [http-nio-8080-exec-7] Connected to database PostgreSQL version 14.17
 2025-07-28 16:35:28,899  INFO  [api.probes.ProbeEntityResource] [http-nio-8080-exec-7] readyProbe: Success - Tested
 2025-07-28 16:35:48,897  INFO  [alfresco.repo.admin] [http-nio-8080-exec-4] Using database URL 'jdbc:postgresql://cloud-platform-a066adb9989d7f7c.cdwm328dlye6.eu-west-2.rds.amazonaws.com:5432/alfresco' with user 'cpkZEn5DhQ'.
 2025-07-28 16:35:48,899  INFO  [alfresco.repo.admin] [http-nio-8080-exec-4] Connected to database PostgreSQL version 14.17
 2025-07-28 16:35:48,899  INFO  [api.probes.ProbeEntityResource] [http-nio-8080-exec-4] readyProbe: Success - Tested
