
  .   ____          _            __ _ _
 /\\ / ___'_ __ _ _(_)_ __  __ _ \ \ \ \
( ( )\___ | '_ | '_| | '_ \/ _` | \ \ \ \
 \\/  ___)| |_)| | | | | || (_| |  ) ) ) )
  '  |____| .__|_| |_|_| |_\__, | / / / /
 =========|_|==============|___/=/_/_/_/
 :: Spring Boot ::               (v2.7.11)

2025-07-28 15:54:13.007  INFO 1 --- [           main] org.alfresco.transform.base.Application  : Starting Application v3.1.1 using Java 17.0.6 on alfresco-content-services-tika-667666c8d-z85sc with PID 1 (/usr/bin/alfresco-transform-tika.jar started by tika in /)
2025-07-28 15:54:13.010  INFO 1 --- [           main] org.alfresco.transform.base.Application  : No active profile set, falling back to 1 default profile: "default"
2025-07-28 15:54:15.041  INFO 1 --- [           main] o.s.b.w.embedded.tomcat.TomcatWebServer  : Tomcat initialized with port(s): 8090 (http)
2025-07-28 15:54:15.052  INFO 1 --- [           main] o.apache.catalina.core.StandardService   : Starting service [Tomcat]
2025-07-28 15:54:15.052  INFO 1 --- [           main] org.apache.catalina.core.StandardEngine  : Starting Servlet engine: [Apache Tomcat/9.0.74]
2025-07-28 15:54:15.129  INFO 1 --- [           main] o.a.c.c.C.[Tomcat].[localhost].[/]       : Initializing Spring embedded WebApplicationContext
2025-07-28 15:54:15.129  INFO 1 --- [           main] w.s.c.ServletWebServerApplicationContext : Root WebApplicationContext: initialization completed in 2007 ms
2025-07-28 15:54:15.393  INFO 1 --- [           main] o.a.t.base.messaging.MessagingInfo       : JMS client is ENABLED - ACTIVEMQ_URL ='failover:(nio+ssl://b-56b49c37-0065-4fbf-b6ba-ee5e20a8d98b-1.mq.eu-west-2.amazonaws.com:61617)?timeout=3000'
2025-07-28 15:54:15.438  INFO 1 --- [           main] o.m.pooled.jms.JmsPoolConnectionFactory  : Provided ConnectionFactory implementation is JMS 2.0+ capable.
2025-07-28 15:54:17.116  INFO 1 --- [           main] o.a.t.base.registry.CustomTransformers   : Custom Transformers:
2025-07-28 15:54:17.638  INFO 1 --- [           main] o.a.transform.base.TransformController   : TransformEngine: 0010 Tika
2025-07-28 15:54:18.148  INFO 1 --- [           main] o.s.b.a.e.web.EndpointLinksResolver      : Exposing 3 endpoint(s) beneath base path '/actuator'
2025-07-28 15:54:18.208  INFO 1 --- [           main] o.s.b.w.embedded.tomcat.TomcatWebServer  : Tomcat started on port(s): 8090 (http) with context path ''
2025-07-28 15:54:18.245  INFO 1 --- [           main] org.alfresco.transform.base.Application  : Started Application in 5.861 seconds (JVM running for 6.54)
2025-07-28 15:54:18.314  INFO 1 --- [           main] o.a.transform.base.TransformController   : --------------------------------------------------------------------------------------------------------------------------------------------------------------
2025-07-28 15:54:18.315  INFO 1 --- [           main] o.a.transform.base.TransformController   : If the Alfresco software was purchased under a paid Alfresco license, the terms of the paid license agreement 
2025-07-28 15:54:18.315  INFO 1 --- [           main] o.a.transform.base.TransformController   : will prevail. Otherwise, the software is provided under terms of the GNU LGPL v3 license. 
2025-07-28 15:54:18.315  INFO 1 --- [           main] o.a.transform.base.TransformController   : See the license at http://www.gnu.org/licenses/lgpl-3.0.txt. or in /LICENSE.txt 
2025-07-28 15:54:18.315  INFO 1 --- [           main] o.a.transform.base.TransformController   : 
2025-07-28 15:54:18.316  INFO 1 --- [           main] o.a.transform.base.TransformController   : This transformer uses Tika from Apache. See the license at http://www.apache.org/licenses/LICENSE-2.0. or in /Apache\ 2.0.txt
2025-07-28 15:54:18.316  INFO 1 --- [           main] o.a.transform.base.TransformController   : This transformer uses ExifTool by Phil Harvey. See license at https://exiftool.org/#license. or in /Perl-Artistic-License.txt
2025-07-28 15:54:18.316  INFO 1 --- [           main] o.a.transform.base.TransformController   : --------------------------------------------------------------------------------------------------------------------------------------------------------------
2025-07-28 15:54:18.316  INFO 1 --- [           main] o.a.transform.base.TransformController   : Starting application components... Done
2025-07-28 15:54:18.319  INFO 1 --- [cTaskExecutor-1] o.a.t.base.registry.TransformRegistry    : Transformers (18) Transforms (764):
2025-07-28 15:54:18.319  INFO 1 --- [cTaskExecutor-1] o.a.t.base.registry.TransformRegistry    :   Archive
2025-07-28 15:54:18.319  INFO 1 --- [cTaskExecutor-1] o.a.t.base.registry.TransformRegistry    :   DWGMetadataExtractor
2025-07-28 15:54:18.319  INFO 1 --- [cTaskExecutor-1] o.a.t.base.registry.TransformRegistry    :   IPTCMetadataExtractor
2025-07-28 15:54:18.319  INFO 1 --- [cTaskExecutor-1] o.a.t.base.registry.TransformRegistry    :   MailMetadataExtractor
2025-07-28 15:54:18.319  INFO 1 --- [cTaskExecutor-1] o.a.t.base.registry.TransformRegistry    :   MP3MetadataExtractor
2025-07-28 15:54:18.319  INFO 1 --- [cTaskExecutor-1] o.a.t.base.registry.TransformRegistry    :   Office
2025-07-28 15:54:18.319  INFO 1 --- [cTaskExecutor-1] o.a.t.base.registry.TransformRegistry    :   OfficeMetadataExtractor
2025-07-28 15:54:18.319  INFO 1 --- [cTaskExecutor-1] o.a.t.base.registry.TransformRegistry    :   OOXML
2025-07-28 15:54:18.319  INFO 1 --- [cTaskExecutor-1] o.a.t.base.registry.TransformRegistry    :   OpenDocumentMetadataExtractor
2025-07-28 15:54:18.319  INFO 1 --- [cTaskExecutor-1] o.a.t.base.registry.TransformRegistry    :   OutlookMsg
2025-07-28 15:54:18.319  INFO 1 --- [cTaskExecutor-1] o.a.t.base.registry.TransformRegistry    :   PdfBox
2025-07-28 15:54:18.319  INFO 1 --- [cTaskExecutor-1] o.a.t.base.registry.TransformRegistry    :   PdfBoxMetadataExtractor
2025-07-28 15:54:18.319  INFO 1 --- [cTaskExecutor-1] o.a.t.base.registry.TransformRegistry    :   Poi
2025-07-28 15:54:18.320  INFO 1 --- [cTaskExecutor-1] o.a.t.base.registry.TransformRegistry    :   PoiMetadataExtractor
2025-07-28 15:54:18.320  INFO 1 --- [cTaskExecutor-1] o.a.t.base.registry.TransformRegistry    :   TextMining
2025-07-28 15:54:18.320  INFO 1 --- [cTaskExecutor-1] o.a.t.base.registry.TransformRegistry    :   TikaAudioMetadataExtractor
2025-07-28 15:54:18.320  INFO 1 --- [cTaskExecutor-1] o.a.t.base.registry.TransformRegistry    :   TikaAuto
2025-07-28 15:54:18.320  INFO 1 --- [cTaskExecutor-1] o.a.t.base.registry.TransformRegistry    :   TikaAutoMetadataExtractor
2025-07-28 15:54:18.640  INFO 1 --- [ActiveMQ Task-1] o.a.a.t.failover.FailoverTransport       : Successfully connected to nio+ssl://b-56b49c37-0065-4fbf-b6ba-ee5e20a8d98b-1.mq.eu-west-2.amazonaws.com:61617
2025-07-28 15:54:19.727  INFO 1 --- [ActiveMQ Task-1] o.a.a.t.failover.FailoverTransport       : Successfully connected to nio+ssl://b-56b49c37-0065-4fbf-b6ba-ee5e20a8d98b-1.mq.eu-west-2.amazonaws.com:61617
2025-07-28 15:54:20.783  INFO 1 --- [ActiveMQ Task-1] o.a.a.t.failover.FailoverTransport       : Successfully connected to nio+ssl://b-56b49c37-0065-4fbf-b6ba-ee5e20a8d98b-1.mq.eu-west-2.amazonaws.com:61617
2025-07-28 15:54:21.841  INFO 1 --- [ActiveMQ Task-1] o.a.a.t.failover.FailoverTransport       : Successfully connected to nio+ssl://b-56b49c37-0065-4fbf-b6ba-ee5e20a8d98b-1.mq.eu-west-2.amazonaws.com:61617
2025-07-28 15:54:22.901  INFO 1 --- [ActiveMQ Task-1] o.a.a.t.failover.FailoverTransport       : Successfully connected to nio+ssl://b-56b49c37-0065-4fbf-b6ba-ee5e20a8d98b-1.mq.eu-west-2.amazonaws.com:61617
2025-07-28 15:54:23.959  INFO 1 --- [ActiveMQ Task-1] o.a.a.t.failover.FailoverTransport       : Successfully connected to nio+ssl://b-56b49c37-0065-4fbf-b6ba-ee5e20a8d98b-1.mq.eu-west-2.amazonaws.com:61617
2025-07-28 15:54:25.015  INFO 1 --- [ActiveMQ Task-1] o.a.a.t.failover.FailoverTransport       : Successfully connected to nio+ssl://b-56b49c37-0065-4fbf-b6ba-ee5e20a8d98b-1.mq.eu-west-2.amazonaws.com:61617
2025-07-28 15:54:26.069  INFO 1 --- [ActiveMQ Task-1] o.a.a.t.failover.FailoverTransport       : Successfully connected to nio+ssl://b-56b49c37-0065-4fbf-b6ba-ee5e20a8d98b-1.mq.eu-west-2.amazonaws.com:61617
2025-07-28 15:54:27.127  INFO 1 --- [ActiveMQ Task-1] o.a.a.t.failover.FailoverTransport       : Successfully connected to nio+ssl://b-56b49c37-0065-4fbf-b6ba-ee5e20a8d98b-1.mq.eu-west-2.amazonaws.com:61617
2025-07-28 15:54:28.182  INFO 1 --- [ActiveMQ Task-1] o.a.a.t.failover.FailoverTransport       : Successfully connected to nio+ssl://b-56b49c37-0065-4fbf-b6ba-ee5e20a8d98b-1.mq.eu-west-2.amazonaws.com:61617
2025-07-28 15:54:29.237  INFO 1 --- [ActiveMQ Task-1] o.a.a.t.failover.FailoverTransport       : Successfully connected to nio+ssl://b-56b49c37-0065-4fbf-b6ba-ee5e20a8d98b-1.mq.eu-west-2.amazonaws.com:61617
2025-07-28 15:54:30.293  INFO 1 --- [ActiveMQ Task-1] o.a.a.t.failover.FailoverTransport       : Successfully connected to nio+ssl://b-56b49c37-0065-4fbf-b6ba-ee5e20a8d98b-1.mq.eu-west-2.amazonaws.com:61617
2025-07-28 15:54:31.349  INFO 1 --- [ActiveMQ Task-1] o.a.a.t.failover.FailoverTransport       : Successfully connected to nio+ssl://b-56b49c37-0065-4fbf-b6ba-ee5e20a8d98b-1.mq.eu-west-2.amazonaws.com:61617
2025-07-28 15:54:32.405  INFO 1 --- [ActiveMQ Task-1] o.a.a.t.failover.FailoverTransport       : Successfully connected to nio+ssl://b-56b49c37-0065-4fbf-b6ba-ee5e20a8d98b-1.mq.eu-west-2.amazonaws.com:61617
2025-07-28 15:54:33.460  INFO 1 --- [ActiveMQ Task-1] o.a.a.t.failover.FailoverTransport       : Successfully connected to nio+ssl://b-56b49c37-0065-4fbf-b6ba-ee5e20a8d98b-1.mq.eu-west-2.amazonaws.com:61617
2025-07-28 15:54:34.517  INFO 1 --- [ActiveMQ Task-1] o.a.a.t.failover.FailoverTransport       : Successfully connected to nio+ssl://b-56b49c37-0065-4fbf-b6ba-ee5e20a8d98b-1.mq.eu-west-2.amazonaws.com:61617
2025-07-28 15:54:35.574  INFO 1 --- [ActiveMQ Task-1] o.a.a.t.failover.FailoverTransport       : Successfully connected to nio+ssl://b-56b49c37-0065-4fbf-b6ba-ee5e20a8d98b-1.mq.eu-west-2.amazonaws.com:61617
2025-07-28 15:54:36.628  INFO 1 --- [ActiveMQ Task-1] o.a.a.t.failover.FailoverTransport       : Successfully connected to nio+ssl://b-56b49c37-0065-4fbf-b6ba-ee5e20a8d98b-1.mq.eu-west-2.amazonaws.com:61617
2025-07-28 15:54:37.686  INFO 1 --- [ActiveMQ Task-1] o.a.a.t.failover.FailoverTransport       : Successfully connected to nio+ssl://b-56b49c37-0065-4fbf-b6ba-ee5e20a8d98b-1.mq.eu-west-2.amazonaws.com:61617
2025-07-28 15:54:38.742  INFO 1 --- [ActiveMQ Task-1] o.a.a.t.failover.FailoverTransport       : Successfully connected to nio+ssl://b-56b49c37-0065-4fbf-b6ba-ee5e20a8d98b-1.mq.eu-west-2.amazonaws.com:61617
2025-07-28 15:54:51.515  INFO 1 --- [nio-8090-exec-1] o.a.c.c.C.[Tomcat].[localhost].[/]       : Initializing Spring DispatcherServlet 'dispatcherServlet'
2025-07-28 15:54:51.515  INFO 1 --- [nio-8090-exec-1] o.s.web.servlet.DispatcherServlet        : Initializing Servlet 'dispatcherServlet'
2025-07-28 15:54:51.517  INFO 1 --- [nio-8090-exec-1] o.s.web.servlet.DispatcherServlet        : Completed initialization in 2 ms
2025-07-28 15:55:11.472 DEBUG 1 --- [nio-8090-exec-2] o.a.transform.common.TransformerDebug    : p1                pdf  txt   23.1 KB PdfBox
2025-07-28 15:55:11.767 DEBUG 1 --- [nio-8090-exec-2] o.a.transform.common.TransformerDebug    : p1                Finished in 301 ms
2025-07-28 15:56:11.462 DEBUG 1 --- [nio-8090-exec-6] o.a.transform.common.TransformerDebug    : p2                pdf  txt   23.1 KB PdfBox
2025-07-28 15:56:11.471 DEBUG 1 --- [nio-8090-exec-6] o.a.transform.common.TransformerDebug    : p2                Finished in 9 ms
2025-07-28 15:57:11.462 DEBUG 1 --- [nio-8090-exec-1] o.a.transform.common.TransformerDebug    : p3                pdf  txt   23.1 KB PdfBox
2025-07-28 15:57:11.469 DEBUG 1 --- [nio-8090-exec-1] o.a.transform.common.TransformerDebug    : p3                Finished in 8 ms
2025-07-28 15:58:11.462 DEBUG 1 --- [nio-8090-exec-5] o.a.transform.common.TransformerDebug    : p4                pdf  txt   23.1 KB PdfBox
2025-07-28 15:58:11.469 DEBUG 1 --- [nio-8090-exec-5] o.a.transform.common.TransformerDebug    : p4                Finished in 8 ms
2025-07-28 15:59:11.462 DEBUG 1 --- [nio-8090-exec-8] o.a.transform.common.TransformerDebug    : p5                pdf  txt   23.1 KB PdfBox
2025-07-28 15:59:11.471 DEBUG 1 --- [nio-8090-exec-8] o.a.transform.common.TransformerDebug    : p5                Finished in 9 ms
2025-07-28 16:00:11.462 DEBUG 1 --- [nio-8090-exec-2] o.a.transform.common.TransformerDebug    : p6                pdf  txt   23.1 KB PdfBox
2025-07-28 16:00:11.468 DEBUG 1 --- [nio-8090-exec-2] o.a.transform.common.TransformerDebug    : p6                Finished in 7 ms
2025-07-28 16:01:11.462 DEBUG 1 --- [nio-8090-exec-7] o.a.transform.common.TransformerDebug    : p7                pdf  txt   23.1 KB PdfBox
2025-07-28 16:01:11.468 DEBUG 1 --- [nio-8090-exec-7] o.a.transform.common.TransformerDebug    : p7                Finished in 6 ms
2025-07-28 16:02:11.461 DEBUG 1 --- [io-8090-exec-10] o.a.transform.common.TransformerDebug    : p8                pdf  txt   23.1 KB PdfBox
2025-07-28 16:02:11.467 DEBUG 1 --- [io-8090-exec-10] o.a.transform.common.TransformerDebug    : p8                Finished in 6 ms
2025-07-28 16:03:11.462 DEBUG 1 --- [nio-8090-exec-5] o.a.transform.common.TransformerDebug    : p9                pdf  txt   23.1 KB PdfBox
2025-07-28 16:03:11.469 DEBUG 1 --- [nio-8090-exec-5] o.a.transform.common.TransformerDebug    : p9                Finished in 8 ms
2025-07-28 16:04:11.461 DEBUG 1 --- [nio-8090-exec-8] o.a.transform.common.TransformerDebug    : p10               pdf  txt   23.1 KB PdfBox
2025-07-28 16:04:11.467 DEBUG 1 --- [nio-8090-exec-8] o.a.transform.common.TransformerDebug    : p10               Finished in 6 ms
2025-07-28 16:05:11.461 DEBUG 1 --- [nio-8090-exec-3] o.a.transform.common.TransformerDebug    : p11               pdf  txt   23.1 KB PdfBox
2025-07-28 16:05:11.467 DEBUG 1 --- [nio-8090-exec-3] o.a.transform.common.TransformerDebug    : p11               Finished in 6 ms
2025-07-28 16:06:11.461 DEBUG 1 --- [nio-8090-exec-7] o.a.transform.common.TransformerDebug    : p12               pdf  txt   23.1 KB PdfBox
2025-07-28 16:06:11.466 DEBUG 1 --- [nio-8090-exec-7] o.a.transform.common.TransformerDebug    : p12               Finished in 5 ms
2025-07-28 16:07:11.462 DEBUG 1 --- [io-8090-exec-10] o.a.transform.common.TransformerDebug    : p13               pdf  txt   23.1 KB PdfBox
2025-07-28 16:07:11.467 DEBUG 1 --- [io-8090-exec-10] o.a.transform.common.TransformerDebug    : p13               Finished in 5 ms
2025-07-28 16:08:11.462 DEBUG 1 --- [nio-8090-exec-4] o.a.transform.common.TransformerDebug    : p14               pdf  txt   23.1 KB PdfBox
2025-07-28 16:08:11.467 DEBUG 1 --- [nio-8090-exec-4] o.a.transform.common.TransformerDebug    : p14               Finished in 5 ms
2025-07-28 16:09:11.462 DEBUG 1 --- [nio-8090-exec-8] o.a.transform.common.TransformerDebug    : p15               pdf  txt   23.1 KB PdfBox
2025-07-28 16:09:11.483 DEBUG 1 --- [nio-8090-exec-8] o.a.transform.common.TransformerDebug    : p15               Finished in 22 ms
2025-07-28 16:10:11.462 DEBUG 1 --- [nio-8090-exec-3] o.a.transform.common.TransformerDebug    : p16               pdf  txt   23.1 KB PdfBox
2025-07-28 16:10:11.468 DEBUG 1 --- [nio-8090-exec-3] o.a.transform.common.TransformerDebug    : p16               Finished in 5 ms
2025-07-28 16:11:11.461 DEBUG 1 --- [nio-8090-exec-7] o.a.transform.common.TransformerDebug    : p17               pdf  txt   23.1 KB PdfBox
2025-07-28 16:11:11.466 DEBUG 1 --- [nio-8090-exec-7] o.a.transform.common.TransformerDebug    : p17               Finished in 5 ms
2025-07-28 16:12:11.462 DEBUG 1 --- [io-8090-exec-10] o.a.transform.common.TransformerDebug    : p18               pdf  txt   23.1 KB PdfBox
2025-07-28 16:12:11.468 DEBUG 1 --- [io-8090-exec-10] o.a.transform.common.TransformerDebug    : p18               Finished in 6 ms
2025-07-28 16:13:11.461 DEBUG 1 --- [nio-8090-exec-5] o.a.transform.common.TransformerDebug    : p19               pdf  txt   23.1 KB PdfBox
2025-07-28 16:13:11.466 DEBUG 1 --- [nio-8090-exec-5] o.a.transform.common.TransformerDebug    : p19               Finished in 5 ms
2025-07-28 16:14:11.461 DEBUG 1 --- [nio-8090-exec-8] o.a.transform.common.TransformerDebug    : p20               pdf  txt   23.1 KB PdfBox
2025-07-28 16:14:11.465 DEBUG 1 --- [nio-8090-exec-8] o.a.transform.common.TransformerDebug    : p20               Finished in 4 ms
2025-07-28 16:15:11.461 DEBUG 1 --- [nio-8090-exec-3] o.a.transform.common.TransformerDebug    : p21               pdf  txt   23.1 KB PdfBox
2025-07-28 16:15:11.467 DEBUG 1 --- [nio-8090-exec-3] o.a.transform.common.TransformerDebug    : p21               Finished in 6 ms
2025-07-28 16:16:11.462 DEBUG 1 --- [nio-8090-exec-6] o.a.transform.common.TransformerDebug    : p22               pdf  txt   23.1 KB PdfBox
2025-07-28 16:16:11.466 DEBUG 1 --- [nio-8090-exec-6] o.a.transform.common.TransformerDebug    : p22               Finished in 5 ms
2025-07-28 16:17:11.461 DEBUG 1 --- [nio-8090-exec-1] o.a.transform.common.TransformerDebug    : p23               pdf  txt   23.1 KB PdfBox
2025-07-28 16:17:11.465 DEBUG 1 --- [nio-8090-exec-1] o.a.transform.common.TransformerDebug    : p23               Finished in 4 ms
2025-07-28 16:18:11.461 DEBUG 1 --- [nio-8090-exec-4] o.a.transform.common.TransformerDebug    : p24               pdf  txt   23.1 KB PdfBox
2025-07-28 16:18:11.467 DEBUG 1 --- [nio-8090-exec-4] o.a.transform.common.TransformerDebug    : p24               Finished in 5 ms
2025-07-28 16:19:00.141  INFO 1 --- [nio-8090-exec-9] o.a.transform.base.TransformController   : GET Transform Config version: 2
2025-07-28 16:19:11.461 DEBUG 1 --- [nio-8090-exec-7] o.a.transform.common.TransformerDebug    : p25               pdf  txt   23.1 KB PdfBox
2025-07-28 16:19:11.465 DEBUG 1 --- [nio-8090-exec-7] o.a.transform.common.TransformerDebug    : p25               Finished in 4 ms
2025-07-28 16:20:11.461 DEBUG 1 --- [io-8090-exec-10] o.a.transform.common.TransformerDebug    : p26               pdf  txt   23.1 KB PdfBox
2025-07-28 16:20:11.465 DEBUG 1 --- [io-8090-exec-10] o.a.transform.common.TransformerDebug    : p26               Finished in 4 ms
2025-07-28 16:21:11.461 DEBUG 1 --- [nio-8090-exec-5] o.a.transform.common.TransformerDebug    : p27               pdf  txt   23.1 KB PdfBox
2025-07-28 16:21:11.465 DEBUG 1 --- [nio-8090-exec-5] o.a.transform.common.TransformerDebug    : p27               Finished in 4 ms
2025-07-28 16:22:11.462 DEBUG 1 --- [nio-8090-exec-9] o.a.transform.common.TransformerDebug    : p28               pdf  txt   23.1 KB PdfBox
2025-07-28 16:22:11.466 DEBUG 1 --- [nio-8090-exec-9] o.a.transform.common.TransformerDebug    : p28               Finished in 5 ms
2025-07-28 16:23:11.462 DEBUG 1 --- [nio-8090-exec-1] o.a.transform.common.TransformerDebug    : p29               pdf  txt   23.1 KB PdfBox
2025-07-28 16:23:11.466 DEBUG 1 --- [nio-8090-exec-1] o.a.transform.common.TransformerDebug    : p29               Finished in 4 ms
2025-07-28 16:24:11.461 DEBUG 1 --- [nio-8090-exec-7] o.a.transform.common.TransformerDebug    : p30               pdf  txt   23.1 KB PdfBox
2025-07-28 16:24:11.465 DEBUG 1 --- [nio-8090-exec-7] o.a.transform.common.TransformerDebug    : p30               Finished in 4 ms
2025-07-28 16:25:11.462 DEBUG 1 --- [io-8090-exec-10] o.a.transform.common.TransformerDebug    : p31               pdf  txt   23.1 KB PdfBox
2025-07-28 16:25:11.465 DEBUG 1 --- [io-8090-exec-10] o.a.transform.common.TransformerDebug    : p31               Finished in 4 ms
2025-07-28 16:26:11.461 DEBUG 1 --- [nio-8090-exec-3] o.a.transform.common.TransformerDebug    : p32               pdf  txt   23.1 KB PdfBox
2025-07-28 16:26:11.466 DEBUG 1 --- [nio-8090-exec-3] o.a.transform.common.TransformerDebug    : p32               Finished in 5 ms
2025-07-28 16:27:11.461 DEBUG 1 --- [nio-8090-exec-6] o.a.transform.common.TransformerDebug    : p33               pdf  txt   23.1 KB PdfBox
2025-07-28 16:27:11.465 DEBUG 1 --- [nio-8090-exec-6] o.a.transform.common.TransformerDebug    : p33               Finished in 4 ms
2025-07-28 16:28:11.462 DEBUG 1 --- [nio-8090-exec-1] o.a.transform.common.TransformerDebug    : p34               pdf  txt   23.1 KB PdfBox
2025-07-28 16:28:11.466 DEBUG 1 --- [nio-8090-exec-1] o.a.transform.common.TransformerDebug    : p34               Finished in 5 ms
2025-07-28 16:29:11.461 DEBUG 1 --- [nio-8090-exec-4] o.a.transform.common.TransformerDebug    : p35               pdf  txt   23.1 KB PdfBox
2025-07-28 16:29:11.464 DEBUG 1 --- [nio-8090-exec-4] o.a.transform.common.TransformerDebug    : p35               Finished in 4 ms
2025-07-28 16:30:04.056  INFO 1 --- [nio-8090-exec-8] o.a.transform.base.TransformController   : GET Transform Config version: 2
2025-07-28 16:30:11.462 DEBUG 1 --- [nio-8090-exec-8] o.a.transform.common.TransformerDebug    : p36               pdf  txt   23.1 KB PdfBox
2025-07-28 16:30:11.466 DEBUG 1 --- [nio-8090-exec-8] o.a.transform.common.TransformerDebug    : p36               Finished in 5 ms
2025-07-28 16:31:11.461 DEBUG 1 --- [nio-8090-exec-2] o.a.transform.common.TransformerDebug    : p37               pdf  txt   23.1 KB PdfBox
2025-07-28 16:31:11.465 DEBUG 1 --- [nio-8090-exec-2] o.a.transform.common.TransformerDebug    : p37               Finished in 4 ms
2025-07-28 16:31:43.671 DEBUG 1 --- [ntContainer#0-1] o.a.transform.common.TransformerDebug    : 265268            docx txt   13.2 KB TikaAuto
2025-07-28 16:31:44.193 DEBUG 1 --- [ntContainer#0-1] o.a.transform.common.TransformerDebug    : 265268            Finished in 627 ms
2025-07-28 16:32:11.462 DEBUG 1 --- [nio-8090-exec-9] o.a.transform.common.TransformerDebug    : p38               pdf  txt   23.1 KB PdfBox
2025-07-28 16:32:11.466 DEBUG 1 --- [nio-8090-exec-9] o.a.transform.common.TransformerDebug    : p38               Finished in 5 ms
2025-07-28 16:33:11.462 DEBUG 1 --- [io-8090-exec-10] o.a.transform.common.TransformerDebug    : p39               pdf  txt   23.1 KB PdfBox
2025-07-28 16:33:11.465 DEBUG 1 --- [io-8090-exec-10] o.a.transform.common.TransformerDebug    : p39               Finished in 4 ms
2025-07-28 16:34:11.462 DEBUG 1 --- [nio-8090-exec-5] o.a.transform.common.TransformerDebug    : p40               pdf  txt   23.1 KB PdfBox
2025-07-28 16:34:11.466 DEBUG 1 --- [nio-8090-exec-5] o.a.transform.common.TransformerDebug    : p40               Finished in 5 ms
2025-07-28 16:35:11.461 DEBUG 1 --- [nio-8090-exec-8] o.a.transform.common.TransformerDebug    : p41               pdf  txt   23.1 KB PdfBox
2025-07-28 16:35:11.466 DEBUG 1 --- [nio-8090-exec-8] o.a.transform.common.TransformerDebug    : p41               Finished in 5 ms
